2025-03-24 00:01:23,669: INFO: [YAMLStrategy] Getting historical prices for NVDQ, 30 bars, 
2025-03-24 00:01:23,680: INFO: [YAMLStrategy] Getting historical prices for TSLZ, 30 bars, 
2025-03-24 00:01:23,689: INFO: [YAMLStrategy] Getting historical prices for METD, 30 bars, 
2025-03-24 00:01:23,697: INFO: [YAMLStrategy] Getting historical prices for MSFD, 30 bars, 
2025-03-24 00:01:23,706: INFO: [YAMLStrategy] Getting historical prices for AAPD, 30 bars, 
2025-03-24 00:01:23,714: INFO: [YAMLStrategy] Getting historical prices for NFXS, 30 bars, 
2025-03-24 00:01:23,722: INFO: [YAMLStrategy] Processing trade event. Trade event received for YAMLStrategy strategy: new NFXS, processed by broker backtesting
2025-03-24 00:01:23,723: INFO: [YAMLStrategy] [32mNew order was created: market order of | 1272.0 NFXS buy | @ $23.58 new[0m
2025-03-24 00:01:23,725: INFO: [YAMLStrategy] Getting historical prices for GGLS, 30 bars, 
2025-03-24 00:01:23,733: INFO: [YAMLStrategy] Processing a new order, payload: {'order': market order of | 1272.0 NFXS buy | @ $23.58 new}
2025-03-24 00:01:23,733: INFO: [YAMLStrategy] Getting historical prices for NFXS, 1 bars, 
2025-03-24 00:01:23,735: INFO: [YAMLStrategy] Processing trade event. Trade event received for YAMLStrategy strategy: fill NFXS, processed by broker backtesting
2025-03-24 00:01:23,735: INFO: [YAMLStrategy] [32mOrder was filled: market order of | 1272.0 NFXS buy | @ $19.55 fill[0m
2025-03-24 00:01:23,738: INFO: [YAMLStrategy] Processing a filled order, payload: {'position': YAMLStrategy Position: 1272.0 shares of NFXS (1 orders), 'order': market order of | 1272.0 NFXS buy | @ $19.55 fill, 'price': 19.549999237060547, 'quantity': 1272.0, 'multiplier': 1}
2025-03-24 00:01:23,740: INFO: [YAMLStrategy] Getting historical prices for NVDQ, 30 bars, 
2025-03-24 00:01:23,746: INFO: [YAMLStrategy] Getting historical prices for TSLZ, 30 bars, 
2025-03-24 00:01:23,751: INFO: [YAMLStrategy] Getting historical prices for METD, 30 bars, 
2025-03-24 00:01:23,757: INFO: [YAMLStrategy] Getting historical prices for MSFD, 30 bars, 
2025-03-24 00:01:23,763: INFO: [YAMLStrategy] Getting historical prices for AAPD, 30 bars, 
2025-03-24 00:01:23,768: INFO: [YAMLStrategy] Getting historical prices for NFXS, 30 bars, 
2025-03-24 00:01:23,774: INFO: [YAMLStrategy] Getting historical prices for GGLS, 30 bars, 
2025-03-24 00:01:23,780: INFO: [YAMLStrategy] Getting historical prices for NFXS, 1 bars, 
2025-03-24 00:01:23,781: INFO: [YAMLStrategy] Getting historical prices for NFXS, 1 bars, 
2025-03-24 00:01:23,784: INFO: [YAMLStrategy] Getting historical prices for NFXS, 1 bars, 
2025-03-24 00:01:23,785: INFO: [YAMLStrategy] Getting historical prices for NFXS, 1 bars, 
2025-03-24 00:01:23,786: INFO: [YAMLStrategy] Getting historical prices for NFXS, 1 bars, 
2025-03-24 00:01:23,787: INFO: [YAMLStrategy] Getting historical prices for NFXS, 1 bars, 
2025-03-24 00:01:23,789: INFO: [YAMLStrategy] Getting historical prices for NFXS, 1 bars, 
2025-03-24 00:01:23,790: INFO: [YAMLStrategy] Getting historical prices for NFXS, 1 bars, 
2025-03-24 00:01:23,792: INFO: [YAMLStrategy] Getting historical prices for NFXS, 1 bars, 
2025-03-24 00:01:23,793: INFO: [YAMLStrategy] Getting historical prices for NFXS, 1 bars, 
2025-03-24 00:01:23,899: INFO: [YAMLStrategy] Getting historical prices for NFXS, 1 bars, 
2025-03-24 00:01:23,900: INFO: [YAMLStrategy] Getting historical prices for NFXS, 1 bars, 
2025-03-24 00:01:23,904: INFO: [YAMLStrategy] Getting historical prices for NVDQ, 30 bars, 
2025-03-24 00:01:23,910: INFO: [YAMLStrategy] Getting historical prices for TSLZ, 30 bars, 
2025-03-24 00:01:23,916: INFO: [YAMLStrategy] Getting historical prices for METD, 30 bars, 
2025-03-24 00:01:23,923: INFO: [YAMLStrategy] Getting historical prices for MSFD, 30 bars, 
2025-03-24 00:01:23,929: INFO: [YAMLStrategy] Getting historical prices for AAPD, 30 bars, 
2025-03-24 00:01:23,936: INFO: [YAMLStrategy] Processing trade event. Trade event received for YAMLStrategy strategy: new AAPD, processed by broker backtesting
2025-03-24 00:01:23,936: INFO: [YAMLStrategy] [32mNew order was created: market order of | 1195.0 AAPD buy | @ $18.85 new[0m
2025-03-24 00:01:23,939: INFO: [YAMLStrategy] Getting historical prices for NFXS, 30 bars, 
2025-03-24 00:01:23,944: INFO: [YAMLStrategy] Getting historical prices for GGLS, 30 bars, 
2025-03-24 00:01:23,950: INFO: [YAMLStrategy] Processing a new order, payload: {'order': market order of | 1195.0 AAPD buy | @ $18.85 new}
2025-03-24 00:01:23,950: INFO: [YAMLStrategy] Getting historical prices for NFXS, 1 bars, 
2025-03-24 00:01:23,952: INFO: [YAMLStrategy] Getting historical prices for NFXS, 1 bars, 
2025-03-24 00:01:23,953: INFO: [YAMLStrategy] Getting historical prices for AAPD, 1 bars, 
2025-03-24 00:01:23,954: INFO: [YAMLStrategy] Processing trade event. Trade event received for YAMLStrategy strategy: fill AAPD, processed by broker backtesting
2025-03-24 00:01:23,954: INFO: [YAMLStrategy] [32mOrder was filled: market order of | 1195.0 AAPD buy | @ $15.66 fill[0m
2025-03-24 00:01:23,957: INFO: [YAMLStrategy] Processing a filled order, payload: {'position': YAMLStrategy Position: 1195.0 shares of AAPD (1 orders), 'order': market order of | 1195.0 AAPD buy | @ $15.66 fill, 'price': 15.65999984741211, 'quantity': 1195.0, 'multiplier': 1}
2025-03-24 00:01:23,960: INFO: [YAMLStrategy] Getting historical prices for NVDQ, 30 bars, 
2025-03-24 00:01:23,966: INFO: [YAMLStrategy] Getting historical prices for TSLZ, 30 bars, 
2025-03-24 00:01:23,972: INFO: [YAMLStrategy] Getting historical prices for METD, 30 bars, 
2025-03-24 00:01:23,978: INFO: [YAMLStrategy] Getting historical prices for MSFD, 30 bars, 
2025-03-24 00:01:23,984: INFO: [YAMLStrategy] Getting historical prices for AAPD, 30 bars, 
2025-03-24 00:01:23,990: INFO: [YAMLStrategy] Getting historical prices for NFXS, 30 bars, 
2025-03-24 00:01:23,996: INFO: [YAMLStrategy] Getting historical prices for GGLS, 30 bars, 
2025-03-24 00:01:24,002: INFO: [YAMLStrategy] Getting historical prices for NFXS, 1 bars, 
2025-03-24 00:01:24,004: INFO: [YAMLStrategy] Getting historical prices for NFXS, 1 bars, 
2025-03-24 00:01:24,005: INFO: [YAMLStrategy] Getting historical prices for AAPD, 1 bars, 
2025-03-24 00:01:24,006: INFO: [YAMLStrategy] Getting historical prices for AAPD, 1 bars, 
2025-03-24 00:01:24,010: INFO: [YAMLStrategy] Getting historical prices for NVDQ, 30 bars, 
2025-03-24 00:01:24,016: INFO: [YAMLStrategy] Getting historical prices for TSLZ, 30 bars, 
2025-03-24 00:01:24,022: INFO: [YAMLStrategy] Processing trade event. Trade event received for YAMLStrategy strategy: new TSLZ, processed by broker backtesting
2025-03-24 00:01:24,022: INFO: [YAMLStrategy] [32mNew order was created: market order of | 5597.0 TSLZ buy | @ $3.02 new[0m
2025-03-24 00:01:24,024: INFO: [YAMLStrategy] Getting historical prices for METD, 30 bars, 
2025-03-24 00:01:24,030: INFO: [YAMLStrategy] Getting historical prices for MSFD, 30 bars, 
2025-03-24 00:01:24,036: INFO: [YAMLStrategy] Getting historical prices for AAPD, 30 bars, 
2025-03-24 00:01:24,042: INFO: [YAMLStrategy] Getting historical prices for NFXS, 30 bars, 
2025-03-24 00:01:24,048: INFO: [YAMLStrategy] Getting historical prices for GGLS, 30 bars, 
2025-03-24 00:01:24,054: INFO: [YAMLStrategy] Processing a new order, payload: {'order': market order of | 5597.0 TSLZ buy | @ $3.02 new}
2025-03-24 00:01:24,054: INFO: [YAMLStrategy] Getting historical prices for NFXS, 1 bars, 
2025-03-24 00:01:24,055: INFO: [YAMLStrategy] Getting historical prices for NFXS, 1 bars, 
2025-03-24 00:01:24,056: INFO: [YAMLStrategy] Getting historical prices for AAPD, 1 bars, 
2025-03-24 00:01:24,058: INFO: [YAMLStrategy] Getting historical prices for AAPD, 1 bars, 
2025-03-24 00:01:24,059: INFO: [YAMLStrategy] Getting historical prices for TSLZ, 1 bars, 
2025-03-24 00:01:24,060: INFO: [YAMLStrategy] Processing trade event. Trade event received for YAMLStrategy strategy: fill TSLZ, processed by broker backtesting
2025-03-24 00:01:24,060: INFO: [YAMLStrategy] [32mOrder was filled: market order of | 5597.0 TSLZ buy | @ $2.54 fill[0m
2025-03-24 00:01:24,063: INFO: [YAMLStrategy] Processing a filled order, payload: {'position': YAMLStrategy Position: 5597.0 shares of TSLZ (1 orders), 'order': market order of | 5597.0 TSLZ buy | @ $2.54 fill, 'price': 2.5399999618530273, 'quantity': 5597.0, 'multiplier': 1}
2025-03-24 00:01:24,069: INFO: [YAMLStrategy] Getting historical prices for NFXS, 1 bars, 
2025-03-24 00:01:24,070: INFO: [YAMLStrategy] Getting historical prices for NFXS, 1 bars, 
2025-03-24 00:01:24,071: INFO: [YAMLStrategy] Getting historical prices for AAPD, 1 bars, 
2025-03-24 00:01:24,072: INFO: [YAMLStrategy] Getting historical prices for AAPD, 1 bars, 
2025-03-24 00:01:24,073: INFO: [YAMLStrategy] Getting historical prices for TSLZ, 1 bars, 
2025-03-24 00:01:24,074: INFO: [YAMLStrategy] Getting historical prices for TSLZ, 1 bars, 
2025-03-24 00:01:24,075: INFO: [YAMLStrategy] Getting historical prices for NFXS, 1 bars, 
2025-03-24 00:01:24,077: INFO: [YAMLStrategy] Getting historical prices for NFXS, 1 bars, 
2025-03-24 00:01:24,078: INFO: [YAMLStrategy] Getting historical prices for AAPD, 1 bars, 
2025-03-24 00:01:24,079: INFO: [YAMLStrategy] Getting historical prices for AAPD, 1 bars, 
2025-03-24 00:01:24,080: INFO: [YAMLStrategy] Getting historical prices for TSLZ, 1 bars, 
2025-03-24 00:01:24,081: INFO: [YAMLStrategy] Getting historical prices for TSLZ, 1 bars, 
2025-03-24 00:01:24,083: INFO: [YAMLStrategy] Getting historical prices for NFXS, 1 bars, 
2025-03-24 00:01:24,084: INFO: [YAMLStrategy] Getting historical prices for NFXS, 1 bars, 
2025-03-24 00:01:24,085: INFO: [YAMLStrategy] Getting historical prices for AAPD, 1 bars, 
2025-03-24 00:01:24,086: INFO: [YAMLStrategy] Getting historical prices for AAPD, 1 bars, 
2025-03-24 00:01:24,087: INFO: [YAMLStrategy] Getting historical prices for TSLZ, 1 bars, 
2025-03-24 00:01:24,089: INFO: [YAMLStrategy] Getting historical prices for TSLZ, 1 bars, 
2025-03-24 00:01:24,093: INFO: [YAMLStrategy] Getting historical prices for NFXS, 1 bars, 
2025-03-24 00:01:24,094: INFO: [YAMLStrategy] Getting historical prices for NFXS, 1 bars, 
2025-03-24 00:01:24,095: INFO: [YAMLStrategy] Getting historical prices for AAPD, 1 bars, 
2025-03-24 00:01:24,096: INFO: [YAMLStrategy] Getting historical prices for AAPD, 1 bars, 
2025-03-24 00:01:24,097: INFO: [YAMLStrategy] Getting historical prices for TSLZ, 1 bars, 
2025-03-24 00:01:24,098: INFO: [YAMLStrategy] Getting historical prices for TSLZ, 1 bars, 
2025-03-24 00:01:24,307: INFO: [YAMLStrategy] Getting historical prices for NFXS, 1 bars, 
2025-03-24 00:01:24,308: INFO: [YAMLStrategy] Getting historical prices for NFXS, 1 bars, 
2025-03-24 00:01:24,309: INFO: [YAMLStrategy] Getting historical prices for AAPD, 1 bars, 
2025-03-24 00:01:24,310: INFO: [YAMLStrategy] Getting historical prices for AAPD, 1 bars, 
2025-03-24 00:01:24,311: INFO: [YAMLStrategy] Getting historical prices for TSLZ, 1 bars, 
2025-03-24 00:01:24,312: INFO: [YAMLStrategy] Getting historical prices for TSLZ, 1 bars, 
2025-03-24 00:01:24,320: INFO: [YAMLStrategy] Getting historical prices for NVDQ, 30 bars, 
2025-03-24 00:01:24,326: INFO: [YAMLStrategy] Getting historical prices for TSLZ, 30 bars, 
2025-03-24 00:01:24,334: INFO: [YAMLStrategy] Getting historical prices for METD, 30 bars, 
2025-03-24 00:01:24,341: INFO: [YAMLStrategy] Getting historical prices for MSFD, 30 bars, 
2025-03-24 00:01:24,347: INFO: [YAMLStrategy] Getting historical prices for AAPD, 30 bars, 
2025-03-24 00:01:24,353: INFO: [YAMLStrategy] Getting historical prices for NFXS, 30 bars, 
2025-03-24 00:01:24,358: INFO: [YAMLStrategy] Getting historical prices for GGLS, 30 bars, 
2025-03-24 00:01:24,364: INFO: [YAMLStrategy] Getting historical prices for NFXS, 1 bars, 
2025-03-24 00:01:24,365: INFO: [YAMLStrategy] Getting historical prices for NFXS, 1 bars, 
2025-03-24 00:01:24,366: INFO: [YAMLStrategy] Getting historical prices for AAPD, 1 bars, 
2025-03-24 00:01:24,367: INFO: [YAMLStrategy] Getting historical prices for AAPD, 1 bars, 
2025-03-24 00:01:24,368: INFO: [YAMLStrategy] Getting historical prices for TSLZ, 1 bars, 
2025-03-24 00:01:24,369: INFO: [YAMLStrategy] Getting historical prices for TSLZ, 1 bars, 
2025-03-24 00:01:24,374: INFO: [YAMLStrategy] Getting historical prices for NFXS, 1 bars, 
2025-03-24 00:01:24,375: INFO: [YAMLStrategy] Getting historical prices for NFXS, 1 bars, 
2025-03-24 00:01:24,376: INFO: [YAMLStrategy] Getting historical prices for AAPD, 1 bars, 
2025-03-24 00:01:24,377: INFO: [YAMLStrategy] Getting historical prices for AAPD, 1 bars, 
2025-03-24 00:01:24,378: INFO: [YAMLStrategy] Getting historical prices for TSLZ, 1 bars, 
2025-03-24 00:01:24,379: INFO: [YAMLStrategy] Getting historical prices for TSLZ, 1 bars, 
2025-03-24 00:01:24,380: INFO: [YAMLStrategy] Getting historical prices for NFXS, 1 bars, 
2025-03-24 00:01:24,381: INFO: [YAMLStrategy] Getting historical prices for NFXS, 1 bars, 
2025-03-24 00:01:24,382: INFO: [YAMLStrategy] Getting historical prices for AAPD, 1 bars, 
2025-03-24 00:01:24,383: INFO: [YAMLStrategy] Getting historical prices for AAPD, 1 bars, 
2025-03-24 00:01:24,384: INFO: [YAMLStrategy] Getting historical prices for TSLZ, 1 bars, 
2025-03-24 00:01:24,385: INFO: [YAMLStrategy] Getting historical prices for TSLZ, 1 bars, 
2025-03-24 00:01:24,387: INFO: [YAMLStrategy] Getting historical prices for NFXS, 1 bars, 
2025-03-24 00:01:24,388: INFO: [YAMLStrategy] Getting historical prices for NFXS, 1 bars, 
2025-03-24 00:01:24,389: INFO: [YAMLStrategy] Getting historical prices for AAPD, 1 bars, 
2025-03-24 00:01:24,390: INFO: [YAMLStrategy] Getting historical prices for AAPD, 1 bars, 
2025-03-24 00:01:24,391: INFO: [YAMLStrategy] Getting historical prices for TSLZ, 1 bars, 
2025-03-24 00:01:24,392: INFO: [YAMLStrategy] Getting historical prices for TSLZ, 1 bars, 
2025-03-24 00:01:24,396: INFO: [YAMLStrategy] Getting historical prices for NFXS, 1 bars, 
2025-03-24 00:01:24,397: INFO: [YAMLStrategy] Getting historical prices for NFXS, 1 bars, 
2025-03-24 00:01:24,398: INFO: [YAMLStrategy] Getting historical prices for AAPD, 1 bars, 
2025-03-24 00:01:24,399: INFO: [YAMLStrategy] Getting historical prices for AAPD, 1 bars, 
2025-03-24 00:01:24,400: INFO: [YAMLStrategy] Getting historical prices for TSLZ, 1 bars, 
2025-03-24 00:01:24,401: INFO: [YAMLStrategy] Getting historical prices for TSLZ, 1 bars, 
2025-03-24 00:01:24,611: INFO: [YAMLStrategy] Getting historical prices for NFXS, 1 bars, 
2025-03-24 00:01:24,613: INFO: [YAMLStrategy] Getting historical prices for NFXS, 1 bars, 
2025-03-24 00:01:24,614: INFO: [YAMLStrategy] Getting historical prices for AAPD, 1 bars, 
2025-03-24 00:01:24,616: INFO: [YAMLStrategy] Getting historical prices for AAPD, 1 bars, 
2025-03-24 00:01:24,617: INFO: [YAMLStrategy] Getting historical prices for TSLZ, 1 bars, 
2025-03-24 00:01:24,618: INFO: [YAMLStrategy] Getting historical prices for TSLZ, 1 bars, 
2025-03-24 00:01:24,627: INFO: [YAMLStrategy] Getting historical prices for NVDQ, 30 bars, 
2025-03-24 00:01:24,633: INFO: [YAMLStrategy] Getting historical prices for TSLZ, 30 bars, 
2025-03-24 00:01:24,639: INFO: [YAMLStrategy] Getting historical prices for METD, 30 bars, 
2025-03-24 00:01:24,644: INFO: [YAMLStrategy] Getting historical prices for MSFD, 30 bars, 
2025-03-24 00:01:24,650: INFO: [YAMLStrategy] Getting historical prices for AAPD, 30 bars, 
2025-03-24 00:01:24,656: INFO: [YAMLStrategy] Getting historical prices for NFXS, 30 bars, 
2025-03-24 00:01:24,661: WARNING: [YAMLStrategy] Selling all positions for YAMLStrategy strategy
2025-03-24 00:01:24,662: INFO: [YAMLStrategy] Processing trade event. Trade event received for YAMLStrategy strategy: canceled NFXS, processed by broker backtesting
2025-03-24 00:01:24,662: INFO: [YAMLStrategy] [32mOrder was canceled: stop order of | 1272.0 NFXS sell | @ $17.68 canceled[0m
2025-03-24 00:01:24,664: INFO: [YAMLStrategy] Processing trade event. Trade event received for YAMLStrategy strategy: canceled NFXS, processed by broker backtesting
2025-03-24 00:01:24,665: INFO: [YAMLStrategy] [32mOrder was canceled: limit order of | 1272.0 NFXS sell | @ $23.58 canceled[0m
2025-03-24 00:01:24,667: INFO: [YAMLStrategy] Processing trade event. Trade event received for YAMLStrategy strategy: canceled AAPD, processed by broker backtesting
2025-03-24 00:01:24,667: INFO: [YAMLStrategy] [32mOrder was canceled: stop order of | 1195.0 AAPD sell | @ $14.14 canceled[0m
2025-03-24 00:01:24,669: INFO: [YAMLStrategy] Processing trade event. Trade event received for YAMLStrategy strategy: canceled AAPD, processed by broker backtesting
2025-03-24 00:01:24,669: INFO: [YAMLStrategy] [32mOrder was canceled: limit order of | 1195.0 AAPD sell | @ $18.85 canceled[0m
2025-03-24 00:01:24,671: INFO: [YAMLStrategy] Processing trade event. Trade event received for YAMLStrategy strategy: canceled TSLZ, processed by broker backtesting
2025-03-24 00:01:24,672: INFO: [YAMLStrategy] [32mOrder was canceled: stop order of | 5597.0 TSLZ sell | @ $2.27 canceled[0m
2025-03-24 00:01:24,673: INFO: [YAMLStrategy] Processing trade event. Trade event received for YAMLStrategy strategy: canceled TSLZ, processed by broker backtesting
2025-03-24 00:01:24,674: INFO: [YAMLStrategy] [32mOrder was canceled: limit order of | 5597.0 TSLZ sell | @ $3.02 canceled[0m
2025-03-24 00:01:24,676: INFO: [YAMLStrategy] Processing trade event. Trade event received for YAMLStrategy strategy: new NFXS, processed by broker backtesting
2025-03-24 00:01:24,676: INFO: [YAMLStrategy] [32mNew order was created: market order of | 1272.0 NFXS sell | new[0m
2025-03-24 00:01:24,678: INFO: [YAMLStrategy] Processing trade event. Trade event received for YAMLStrategy strategy: new AAPD, processed by broker backtesting
2025-03-24 00:01:24,678: INFO: [YAMLStrategy] [32mNew order was created: market order of | 1195.0 AAPD sell | new[0m
2025-03-24 00:01:24,680: INFO: [YAMLStrategy] Processing trade event. Trade event received for YAMLStrategy strategy: new TSLZ, processed by broker backtesting
2025-03-24 00:01:24,680: INFO: [YAMLStrategy] [32mNew order was created: market order of | 5597.0 TSLZ sell | new[0m
2025-03-24 00:01:24,682: INFO: [YAMLStrategy] Getting historical prices for GGLS, 30 bars, 
2025-03-24 00:01:24,688: INFO: [YAMLStrategy] Processing a canceled order, payload: {'order': stop order of | 1272.0 NFXS sell | @ $17.68 canceled}
2025-03-24 00:01:24,688: INFO: [YAMLStrategy] Processing a canceled order, payload: {'order': limit order of | 1272.0 NFXS sell | @ $23.58 canceled}
2025-03-24 00:01:24,688: INFO: [YAMLStrategy] Processing a canceled order, payload: {'order': stop order of | 1195.0 AAPD sell | @ $14.14 canceled}
2025-03-24 00:01:24,688: INFO: [YAMLStrategy] Processing a canceled order, payload: {'order': limit order of | 1195.0 AAPD sell | @ $18.85 canceled}
2025-03-24 00:01:24,688: INFO: [YAMLStrategy] Processing a canceled order, payload: {'order': stop order of | 5597.0 TSLZ sell | @ $2.27 canceled}
2025-03-24 00:01:24,689: INFO: [YAMLStrategy] Processing a canceled order, payload: {'order': limit order of | 5597.0 TSLZ sell | @ $3.02 canceled}
2025-03-24 00:01:24,689: INFO: [YAMLStrategy] Processing a new order, payload: {'order': market order of | 1272.0 NFXS sell | new}
2025-03-24 00:01:24,689: INFO: [YAMLStrategy] Processing a new order, payload: {'order': market order of | 1195.0 AAPD sell | new}
2025-03-24 00:01:24,689: INFO: [YAMLStrategy] Processing a new order, payload: {'order': market order of | 5597.0 TSLZ sell | new}
2025-03-24 00:01:24,689: INFO: [YAMLStrategy] Getting historical prices for NFXS, 1 bars, 
2025-03-24 00:01:24,690: INFO: [YAMLStrategy] Processing trade event. Trade event received for YAMLStrategy strategy: fill NFXS, processed by broker backtesting
2025-03-24 00:01:24,690: INFO: [YAMLStrategy] [32mOrder was filled: market order of | 1272.0 NFXS sell | @ $21.09 fill[0m
2025-03-24 00:01:24,692: INFO: [YAMLStrategy] Getting historical prices for AAPD, 1 bars, 
2025-03-24 00:01:24,694: INFO: [YAMLStrategy] Processing trade event. Trade event received for YAMLStrategy strategy: fill AAPD, processed by broker backtesting
2025-03-24 00:01:24,694: INFO: [YAMLStrategy] [32mOrder was filled: market order of | 1195.0 AAPD sell | @ $16.42 fill[0m
2025-03-24 00:01:24,695: INFO: [YAMLStrategy] Getting historical prices for TSLZ, 1 bars, 
2025-03-24 00:01:24,697: INFO: [YAMLStrategy] Processing trade event. Trade event received for YAMLStrategy strategy: fill TSLZ, processed by broker backtesting
2025-03-24 00:01:24,697: INFO: [YAMLStrategy] [32mOrder was filled: market order of | 5597.0 TSLZ sell | @ $2.67 fill[0m
2025-03-24 00:01:24,699: INFO: [YAMLStrategy] Processing a filled order, payload: {'position': YAMLStrategy Position: 0.0 shares of NFXS (2 orders), 'order': market order of | 1272.0 NFXS sell | @ $21.09 fill, 'price': 21.09000015258789, 'quantity': 1272.0, 'multiplier': 1}
2025-03-24 00:01:24,699: INFO: [YAMLStrategy] Processing a filled order, payload: {'position': YAMLStrategy Position: 0.0 shares of AAPD (2 orders), 'order': market order of | 1195.0 AAPD sell | @ $16.42 fill, 'price': 16.420000076293945, 'quantity': 1195.0, 'multiplier': 1}
2025-03-24 00:01:24,699: INFO: [YAMLStrategy] Processing a filled order, payload: {'position': YAMLStrategy Position: 0.0 shares of TSLZ (2 orders), 'order': market order of | 5597.0 TSLZ sell | @ $2.67 fill, 'price': 2.6700000762939453, 'quantity': 5597.0, 'multiplier': 1}
2025-03-24 00:01:24,700: INFO: [YAMLStrategy] Getting historical prices for NVDQ, 30 bars, 
2025-03-24 00:01:24,705: INFO: [YAMLStrategy] Getting historical prices for TSLZ, 30 bars, 
2025-03-24 00:01:24,711: INFO: [YAMLStrategy] Getting historical prices for METD, 30 bars, 
2025-03-24 00:01:24,716: INFO: [YAMLStrategy] Getting historical prices for MSFD, 30 bars, 
2025-03-24 00:01:24,722: INFO: [YAMLStrategy] Getting historical prices for AAPD, 30 bars, 
2025-03-24 00:01:24,728: INFO: [YAMLStrategy] Getting historical prices for NFXS, 30 bars, 
2025-03-24 00:01:24,733: INFO: [YAMLStrategy] Getting historical prices for GGLS, 30 bars, 
2025-03-24 00:01:24,740: INFO: [YAMLStrategy] Getting historical prices for NVDQ, 30 bars, 
2025-03-24 00:01:24,746: INFO: [YAMLStrategy] Getting historical prices for TSLZ, 30 bars, 
2025-03-24 00:01:24,751: INFO: [YAMLStrategy] Getting historical prices for METD, 30 bars, 
2025-03-24 00:01:24,757: INFO: [YAMLStrategy] Getting historical prices for MSFD, 30 bars, 
2025-03-24 00:01:24,763: INFO: [YAMLStrategy] Getting historical prices for AAPD, 30 bars, 
2025-03-24 00:01:24,769: INFO: [YAMLStrategy] Getting historical prices for NFXS, 30 bars, 
2025-03-24 00:01:24,775: INFO: [YAMLStrategy] Getting historical prices for GGLS, 30 bars, 
2025-03-24 00:01:24,781: INFO: [YAMLStrategy] Processing trade event. Trade event received for YAMLStrategy strategy: new GGLS, processed by broker backtesting
2025-03-24 00:01:24,781: INFO: [YAMLStrategy] [32mNew order was created: market order of | 2126.0 GGLS buy | @ $14.62 new[0m
2025-03-24 00:01:24,783: INFO: [YAMLStrategy] Processing a new order, payload: {'order': market order of | 2126.0 GGLS buy | @ $14.62 new}
2025-03-24 00:01:24,783: INFO: [YAMLStrategy] Getting historical prices for GGLS, 1 bars, 
2025-03-24 00:01:24,785: INFO: [YAMLStrategy] Processing trade event. Trade event received for YAMLStrategy strategy: fill GGLS, processed by broker backtesting
2025-03-24 00:01:24,785: INFO: [YAMLStrategy] [32mOrder was filled: market order of | 2126.0 GGLS buy | @ $11.97 fill[0m
2025-03-24 00:01:24,787: INFO: [YAMLStrategy] Processing a filled order, payload: {'position': YAMLStrategy Position: 2126.0 shares of GGLS (1 orders), 'order': market order of | 2126.0 GGLS buy | @ $11.97 fill, 'price': 11.970000267028809, 'quantity': 2126.0, 'multiplier': 1}
2025-03-24 00:01:24,789: INFO: [YAMLStrategy] Getting historical prices for NVDQ, 30 bars, 
2025-03-24 00:01:24,796: INFO: [YAMLStrategy] Getting historical prices for TSLZ, 30 bars, 
2025-03-24 00:01:24,801: INFO: [YAMLStrategy] Getting historical prices for METD, 30 bars, 
2025-03-24 00:01:24,807: INFO: [YAMLStrategy] Getting historical prices for MSFD, 30 bars, 
2025-03-24 00:01:24,813: INFO: [YAMLStrategy] Getting historical prices for AAPD, 30 bars, 
2025-03-24 00:01:24,818: INFO: [YAMLStrategy] Getting historical prices for NFXS, 30 bars, 
2025-03-24 00:01:24,824: INFO: [YAMLStrategy] Getting historical prices for GGLS, 30 bars, 
2025-03-24 00:01:24,829: INFO: [YAMLStrategy] Getting historical prices for GGLS, 1 bars, 
2025-03-24 00:01:24,831: INFO: [YAMLStrategy] Getting historical prices for GGLS, 1 bars, 
2025-03-24 00:01:24,834: INFO: [YAMLStrategy] Getting historical prices for NVDQ, 30 bars, 
2025-03-24 00:01:24,840: INFO: [YAMLStrategy] Getting historical prices for TSLZ, 30 bars, 
2025-03-24 00:01:24,846: INFO: [YAMLStrategy] Getting historical prices for METD, 30 bars, 
2025-03-24 00:01:24,852: INFO: [YAMLStrategy] Getting historical prices for MSFD, 30 bars, 
2025-03-24 00:01:24,860: INFO: [YAMLStrategy] Getting historical prices for AAPD, 30 bars, 
2025-03-24 00:01:24,868: INFO: [YAMLStrategy] Getting historical prices for NFXS, 30 bars, 
2025-03-24 00:01:24,875: INFO: [YAMLStrategy] Getting historical prices for GGLS, 30 bars, 
2025-03-24 00:01:24,881: INFO: [YAMLStrategy] Getting historical prices for GGLS, 1 bars, 
2025-03-24 00:01:24,883: INFO: [YAMLStrategy] Getting historical prices for GGLS, 1 bars, 
2025-03-24 00:01:24,886: INFO: [YAMLStrategy] Getting historical prices for GGLS, 1 bars, 
2025-03-24 00:01:24,887: INFO: [YAMLStrategy] Getting historical prices for GGLS, 1 bars, 
2025-03-24 00:01:24,888: INFO: [YAMLStrategy] Getting historical prices for GGLS, 1 bars, 
2025-03-24 00:01:24,889: INFO: [YAMLStrategy] Getting historical prices for GGLS, 1 bars, 
2025-03-24 00:01:24,890: INFO: [YAMLStrategy] Getting historical prices for GGLS, 1 bars, 
2025-03-24 00:01:24,891: INFO: [YAMLStrategy] Getting historical prices for GGLS, 1 bars, 
2025-03-24 00:01:24,894: INFO: [YAMLStrategy] Getting historical prices for GGLS, 1 bars, 
2025-03-24 00:01:24,895: INFO: [YAMLStrategy] Getting historical prices for GGLS, 1 bars, 
2025-03-24 00:01:25,000: INFO: [YAMLStrategy] Getting historical prices for GGLS, 1 bars, 
2025-03-24 00:01:25,001: INFO: [YAMLStrategy] Getting historical prices for GGLS, 1 bars, 
2025-03-24 00:01:25,005: INFO: [YAMLStrategy] Getting historical prices for NVDQ, 30 bars, 
2025-03-24 00:01:25,011: INFO: [YAMLStrategy] Getting historical prices for TSLZ, 30 bars, 
2025-03-24 00:01:25,017: INFO: [YAMLStrategy] Getting historical prices for METD, 30 bars, 
2025-03-24 00:01:25,022: INFO: [YAMLStrategy] Getting historical prices for MSFD, 30 bars, 
2025-03-24 00:01:25,028: INFO: [YAMLStrategy] Getting historical prices for AAPD, 30 bars, 
2025-03-24 00:01:25,034: INFO: [YAMLStrategy] Getting historical prices for NFXS, 30 bars, 
2025-03-24 00:01:25,040: INFO: [YAMLStrategy] Getting historical prices for GGLS, 30 bars, 
2025-03-24 00:01:25,046: INFO: [YAMLStrategy] Getting historical prices for GGLS, 1 bars, 
2025-03-24 00:01:25,047: INFO: [YAMLStrategy] Getting historical prices for GGLS, 1 bars, 
2025-03-24 00:01:25,050: INFO: [YAMLStrategy] Getting historical prices for NVDQ, 30 bars, 
2025-03-24 00:01:25,056: INFO: [YAMLStrategy] Getting historical prices for TSLZ, 30 bars, 
2025-03-24 00:01:25,062: INFO: [YAMLStrategy] Getting historical prices for METD, 30 bars, 
2025-03-24 00:01:25,067: INFO: [YAMLStrategy] Getting historical prices for MSFD, 30 bars, 
2025-03-24 00:01:25,073: INFO: [YAMLStrategy] Getting historical prices for AAPD, 30 bars, 
2025-03-24 00:01:25,078: INFO: [YAMLStrategy] Getting historical prices for NFXS, 30 bars, 
2025-03-24 00:01:25,084: INFO: [YAMLStrategy] Getting historical prices for GGLS, 30 bars, 
2025-03-24 00:01:25,089: INFO: [YAMLStrategy] Getting historical prices for GGLS, 1 bars, 
2025-03-24 00:01:25,091: INFO: [YAMLStrategy] Getting historical prices for GGLS, 1 bars, 
2025-03-24 00:01:25,094: INFO: [YAMLStrategy] Getting historical prices for NVDQ, 30 bars, 
2025-03-24 00:01:25,100: INFO: [YAMLStrategy] Getting historical prices for TSLZ, 30 bars, 
2025-03-24 00:01:25,106: INFO: [YAMLStrategy] Getting historical prices for METD, 30 bars, 
2025-03-24 00:01:25,111: INFO: [YAMLStrategy] Getting historical prices for MSFD, 30 bars, 
2025-03-24 00:01:25,117: INFO: [YAMLStrategy] Getting historical prices for AAPD, 30 bars, 
2025-03-24 00:01:25,125: INFO: [YAMLStrategy] Getting historical prices for NFXS, 30 bars, 
2025-03-24 00:01:25,133: INFO: [YAMLStrategy] Getting historical prices for GGLS, 30 bars, 
2025-03-24 00:01:25,142: INFO: [YAMLStrategy] Getting historical prices for GGLS, 1 bars, 
2025-03-24 00:01:25,144: INFO: [YAMLStrategy] Getting historical prices for GGLS, 1 bars, 
2025-03-24 00:01:25,148: INFO: [YAMLStrategy] Getting historical prices for NVDQ, 30 bars, 
2025-03-24 00:01:25,155: INFO: [YAMLStrategy] Getting historical prices for TSLZ, 30 bars, 
2025-03-24 00:01:25,160: INFO: [YAMLStrategy] Getting historical prices for METD, 30 bars, 
2025-03-24 00:01:25,166: INFO: [YAMLStrategy] Getting historical prices for MSFD, 30 bars, 
2025-03-24 00:01:25,171: INFO: [YAMLStrategy] Getting historical prices for AAPD, 30 bars, 
2025-03-24 00:01:25,177: INFO: [YAMLStrategy] Getting historical prices for NFXS, 30 bars, 
2025-03-24 00:01:25,182: INFO: [YAMLStrategy] Getting historical prices for GGLS, 30 bars, 
2025-03-24 00:01:25,188: INFO: [YAMLStrategy] Getting historical prices for GGLS, 1 bars, 
2025-03-24 00:01:25,190: INFO: [YAMLStrategy] Getting historical prices for GGLS, 1 bars, 
2025-03-24 00:01:25,192: INFO: [YAMLStrategy] Getting historical prices for GGLS, 1 bars, 
2025-03-24 00:01:25,193: INFO: [YAMLStrategy] Getting historical prices for GGLS, 1 bars, 
2025-03-24 00:01:25,195: INFO: [YAMLStrategy] Getting historical prices for GGLS, 1 bars, 
2025-03-24 00:01:25,196: INFO: [YAMLStrategy] Getting historical prices for GGLS, 1 bars, 
2025-03-24 00:01:25,198: INFO: [YAMLStrategy] Getting historical prices for GGLS, 1 bars, 
2025-03-24 00:01:25,199: INFO: [YAMLStrategy] Getting historical prices for GGLS, 1 bars, 
2025-03-24 00:01:25,202: INFO: [YAMLStrategy] Getting historical prices for GGLS, 1 bars, 
2025-03-24 00:01:25,203: INFO: [YAMLStrategy] Getting historical prices for GGLS, 1 bars, 
2025-03-24 00:01:25,308: INFO: [YAMLStrategy] Getting historical prices for GGLS, 1 bars, 
2025-03-24 00:01:25,309: INFO: [YAMLStrategy] Getting historical prices for GGLS, 1 bars, 
2025-03-24 00:01:25,313: INFO: [YAMLStrategy] Getting historical prices for NVDQ, 30 bars, 
2025-03-24 00:01:25,319: INFO: [YAMLStrategy] Getting historical prices for TSLZ, 30 bars, 
2025-03-24 00:01:25,325: INFO: [YAMLStrategy] Getting historical prices for METD, 30 bars, 
2025-03-24 00:01:25,330: INFO: [YAMLStrategy] Getting historical prices for MSFD, 30 bars, 
2025-03-24 00:01:25,336: INFO: [YAMLStrategy] Getting historical prices for AAPD, 30 bars, 
2025-03-24 00:01:25,342: INFO: [YAMLStrategy] Getting historical prices for NFXS, 30 bars, 
2025-03-24 00:01:25,348: INFO: [YAMLStrategy] Getting historical prices for GGLS, 30 bars, 
2025-03-24 00:01:25,353: INFO: [YAMLStrategy] Getting historical prices for GGLS, 1 bars, 
2025-03-24 00:01:25,355: INFO: [YAMLStrategy] Getting historical prices for GGLS, 1 bars, 
2025-03-24 00:01:25,358: INFO: [YAMLStrategy] Getting historical prices for NVDQ, 30 bars, 
2025-03-24 00:01:25,364: INFO: [YAMLStrategy] Processing trade event. Trade event received for YAMLStrategy strategy: new NVDQ, processed by broker backtesting
2025-03-24 00:01:25,364: INFO: [YAMLStrategy] [32mNew order was created: market order of | 5161.0 NVDQ buy | @ $4.54 new[0m
2025-03-24 00:01:25,366: INFO: [YAMLStrategy] Getting historical prices for TSLZ, 30 bars, 
2025-03-24 00:01:25,372: INFO: [YAMLStrategy] Getting historical prices for METD, 30 bars, 
2025-03-24 00:01:25,378: INFO: [YAMLStrategy] Getting historical prices for MSFD, 30 bars, 
2025-03-24 00:01:25,386: INFO: [YAMLStrategy] Getting historical prices for AAPD, 30 bars, 
2025-03-24 00:01:25,392: INFO: [YAMLStrategy] Getting historical prices for NFXS, 30 bars, 
2025-03-24 00:01:25,398: INFO: [YAMLStrategy] Getting historical prices for GGLS, 30 bars, 
2025-03-24 00:01:25,404: INFO: [YAMLStrategy] Processing a new order, payload: {'order': market order of | 5161.0 NVDQ buy | @ $4.54 new}
2025-03-24 00:01:25,405: INFO: [YAMLStrategy] Getting historical prices for GGLS, 1 bars, 
2025-03-24 00:01:25,406: INFO: [YAMLStrategy] Getting historical prices for GGLS, 1 bars, 
2025-03-24 00:01:25,407: INFO: [YAMLStrategy] Getting historical prices for NVDQ, 1 bars, 
2025-03-24 00:01:25,409: INFO: [YAMLStrategy] Processing trade event. Trade event received for YAMLStrategy strategy: fill NVDQ, processed by broker backtesting
2025-03-24 00:01:25,409: INFO: [YAMLStrategy] [32mOrder was filled: market order of | 5161.0 NVDQ buy | @ $3.57 fill[0m
2025-03-24 00:01:25,411: INFO: [YAMLStrategy] Processing a filled order, payload: {'position': YAMLStrategy Position: 5161.0 shares of NVDQ (1 orders), 'order': market order of | 5161.0 NVDQ buy | @ $3.57 fill, 'price': 3.569999933242798, 'quantity': 5161.0, 'multiplier': 1}
2025-03-24 00:01:25,414: INFO: [YAMLStrategy] Getting historical prices for NVDQ, 30 bars, 
2025-03-24 00:01:25,420: INFO: [YAMLStrategy] Getting historical prices for TSLZ, 30 bars, 
2025-03-24 00:01:25,425: INFO: [YAMLStrategy] Getting historical prices for METD, 30 bars, 
2025-03-24 00:01:25,431: INFO: [YAMLStrategy] Getting historical prices for MSFD, 30 bars, 
2025-03-24 00:01:25,436: INFO: [YAMLStrategy] Getting historical prices for AAPD, 30 bars, 
2025-03-24 00:01:25,442: INFO: [YAMLStrategy] Getting historical prices for NFXS, 30 bars, 
2025-03-24 00:01:25,448: INFO: [YAMLStrategy] Getting historical prices for GGLS, 30 bars, 
2025-03-24 00:01:25,453: INFO: [YAMLStrategy] Getting historical prices for GGLS, 1 bars, 
2025-03-24 00:01:25,455: INFO: [YAMLStrategy] Getting historical prices for GGLS, 1 bars, 
2025-03-24 00:01:25,456: INFO: [YAMLStrategy] Getting historical prices for NVDQ, 1 bars, 
2025-03-24 00:01:25,458: INFO: [YAMLStrategy] Processing trade event. Trade event received for YAMLStrategy strategy: canceled NVDQ, processed by broker backtesting
2025-03-24 00:01:25,458: INFO: [YAMLStrategy] [32mOrder was canceled: limit order of | 5161.0 NVDQ sell | @ $4.54 canceled[0m
2025-03-24 00:01:25,460: INFO: [YAMLStrategy] Processing trade event. Trade event received for YAMLStrategy strategy: fill NVDQ, processed by broker backtesting
2025-03-24 00:01:25,460: INFO: [YAMLStrategy] [32mOrder was filled: stop order of | 5161.0 NVDQ sell | @ $3.24 fill[0m
2025-03-24 00:01:25,462: INFO: [YAMLStrategy] Processing a canceled order, payload: {'order': limit order of | 5161.0 NVDQ sell | @ $4.54 canceled}
2025-03-24 00:01:25,462: INFO: [YAMLStrategy] Processing a filled order, payload: {'position': YAMLStrategy Position: 0.0 shares of NVDQ (2 orders), 'order': stop order of | 5161.0 NVDQ sell | @ $3.24 fill, 'price': 3.240000009536743, 'quantity': 5161.0, 'multiplier': 1}
2025-03-24 00:01:25,464: INFO: [YAMLStrategy] Getting historical prices for NVDQ, 30 bars, 
2025-03-24 00:01:25,470: INFO: [YAMLStrategy] Getting historical prices for TSLZ, 30 bars, 
2025-03-24 00:01:25,477: INFO: [YAMLStrategy] Processing trade event. Trade event received for YAMLStrategy strategy: new TSLZ, processed by broker backtesting
2025-03-24 00:01:25,477: INFO: [YAMLStrategy] [32mNew order was created: market order of | 7598.0 TSLZ buy | @ $3.02 new[0m
2025-03-24 00:01:25,479: INFO: [YAMLStrategy] Getting historical prices for METD, 30 bars, 
2025-03-24 00:01:25,485: INFO: [YAMLStrategy] Getting historical prices for MSFD, 30 bars, 
2025-03-24 00:01:25,491: INFO: [YAMLStrategy] Getting historical prices for AAPD, 30 bars, 
2025-03-24 00:01:25,497: INFO: [YAMLStrategy] Getting historical prices for NFXS, 30 bars, 
2025-03-24 00:01:25,502: INFO: [YAMLStrategy] Getting historical prices for GGLS, 30 bars, 
2025-03-24 00:01:25,508: INFO: [YAMLStrategy] Processing a new order, payload: {'order': market order of | 7598.0 TSLZ buy | @ $3.02 new}
2025-03-24 00:01:25,508: INFO: [YAMLStrategy] Getting historical prices for GGLS, 1 bars, 
2025-03-24 00:01:25,510: INFO: [YAMLStrategy] Getting historical prices for GGLS, 1 bars, 
2025-03-24 00:01:25,511: INFO: [YAMLStrategy] Getting historical prices for TSLZ, 1 bars, 
2025-03-24 00:01:25,512: INFO: [YAMLStrategy] Processing trade event. Trade event received for YAMLStrategy strategy: fill TSLZ, processed by broker backtesting
2025-03-24 00:01:25,512: INFO: [YAMLStrategy] [32mOrder was filled: market order of | 7598.0 TSLZ buy | @ $2.24 fill[0m
2025-03-24 00:01:25,515: INFO: [YAMLStrategy] Processing a filled order, payload: {'position': YAMLStrategy Position: 7598.0 shares of TSLZ (1 orders), 'order': market order of | 7598.0 TSLZ buy | @ $2.24 fill, 'price': 2.240000009536743, 'quantity': 7598.0, 'multiplier': 1}
2025-03-24 00:01:25,517: INFO: [YAMLStrategy] Getting historical prices for NVDQ, 30 bars, 
2025-03-24 00:01:25,523: INFO: [YAMLStrategy] Getting historical prices for TSLZ, 30 bars, 
2025-03-24 00:01:25,529: INFO: [YAMLStrategy] Getting historical prices for METD, 30 bars, 
2025-03-24 00:01:25,535: INFO: [YAMLStrategy] Getting historical prices for MSFD, 30 bars, 
2025-03-24 00:01:25,541: INFO: [YAMLStrategy] Getting historical prices for AAPD, 30 bars, 
2025-03-24 00:01:25,547: INFO: [YAMLStrategy] Getting historical prices for NFXS, 30 bars, 
2025-03-24 00:01:25,552: INFO: [YAMLStrategy] Getting historical prices for GGLS, 30 bars, 
2025-03-24 00:01:25,559: INFO: [YAMLStrategy] Getting historical prices for GGLS, 1 bars, 
2025-03-24 00:01:25,560: INFO: [YAMLStrategy] Getting historical prices for GGLS, 1 bars, 
2025-03-24 00:01:25,561: INFO: [YAMLStrategy] Getting historical prices for TSLZ, 1 bars, 
2025-03-24 00:01:25,562: INFO: [YAMLStrategy] Processing trade event. Trade event received for YAMLStrategy strategy: canceled TSLZ, processed by broker backtesting
2025-03-24 00:01:25,563: INFO: [YAMLStrategy] [32mOrder was canceled: limit order of | 7598.0 TSLZ sell | @ $3.02 canceled[0m
2025-03-24 00:01:25,565: INFO: [YAMLStrategy] Processing trade event. Trade event received for YAMLStrategy strategy: fill TSLZ, processed by broker backtesting
2025-03-24 00:01:25,565: INFO: [YAMLStrategy] [32mOrder was filled: stop order of | 7598.0 TSLZ sell | @ $2.26 fill[0m
2025-03-24 00:01:25,567: INFO: [YAMLStrategy] Processing a canceled order, payload: {'order': limit order of | 7598.0 TSLZ sell | @ $3.02 canceled}
2025-03-24 00:01:25,567: INFO: [YAMLStrategy] Processing a filled order, payload: {'position': YAMLStrategy Position: 0.0 shares of TSLZ (2 orders), 'order': stop order of | 7598.0 TSLZ sell | @ $2.26 fill, 'price': 2.26, 'quantity': 7598.0, 'multiplier': 1}
2025-03-24 00:01:25,568: INFO: [YAMLStrategy] Getting historical prices for GGLS, 1 bars, 
2025-03-24 00:01:25,569: INFO: [YAMLStrategy] Getting historical prices for GGLS, 1 bars, 
2025-03-24 00:01:25,571: INFO: [YAMLStrategy] Getting historical prices for GGLS, 1 bars, 
2025-03-24 00:01:25,572: INFO: [YAMLStrategy] Getting historical prices for GGLS, 1 bars, 
2025-03-24 00:01:25,573: INFO: [YAMLStrategy] Getting historical prices for GGLS, 1 bars, 
2025-03-24 00:01:25,574: INFO: [YAMLStrategy] Getting historical prices for GGLS, 1 bars, 
2025-03-24 00:01:25,576: INFO: [YAMLStrategy] Getting historical prices for GGLS, 1 bars, 
2025-03-24 00:01:25,577: INFO: [YAMLStrategy] Getting historical prices for GGLS, 1 bars, 
2025-03-24 00:01:25,683: INFO: [YAMLStrategy] Getting historical prices for GGLS, 1 bars, 
2025-03-24 00:01:25,684: INFO: [YAMLStrategy] Getting historical prices for GGLS, 1 bars, 
2025-03-24 00:01:25,688: INFO: [YAMLStrategy] Getting historical prices for NVDQ, 30 bars, 
2025-03-24 00:01:25,694: INFO: [YAMLStrategy] Getting historical prices for TSLZ, 30 bars, 
2025-03-24 00:01:25,700: INFO: [YAMLStrategy] Getting historical prices for METD, 30 bars, 
2025-03-24 00:01:25,705: INFO: [YAMLStrategy] Getting historical prices for MSFD, 30 bars, 
2025-03-24 00:01:25,711: INFO: [YAMLStrategy] Processing trade event. Trade event received for YAMLStrategy strategy: new MSFD, processed by broker backtesting
2025-03-24 00:01:25,711: INFO: [YAMLStrategy] [32mNew order was created: market order of | 1380.0 MSFD buy | @ $16.64 new[0m
2025-03-24 00:01:25,714: INFO: [YAMLStrategy] Getting historical prices for AAPD, 30 bars, 
2025-03-24 00:01:25,720: INFO: [YAMLStrategy] Getting historical prices for NFXS, 30 bars, 
2025-03-24 00:01:25,727: INFO: [YAMLStrategy] Getting historical prices for GGLS, 30 bars, 
2025-03-24 00:01:25,733: INFO: [YAMLStrategy] Processing a new order, payload: {'order': market order of | 1380.0 MSFD buy | @ $16.64 new}
2025-03-24 00:01:25,733: INFO: [YAMLStrategy] Getting historical prices for GGLS, 1 bars, 
2025-03-24 00:01:25,735: INFO: [YAMLStrategy] Getting historical prices for GGLS, 1 bars, 
2025-03-24 00:01:25,736: INFO: [YAMLStrategy] Getting historical prices for MSFD, 1 bars, 
2025-03-24 00:01:25,737: INFO: [YAMLStrategy] Processing trade event. Trade event received for YAMLStrategy strategy: fill MSFD, processed by broker backtesting
2025-03-24 00:01:25,737: INFO: [YAMLStrategy] [32mOrder was filled: market order of | 1380.0 MSFD buy | @ $14.01 fill[0m
2025-03-24 00:01:25,740: INFO: [YAMLStrategy] Processing a filled order, payload: {'position': YAMLStrategy Position: 1380.0 shares of MSFD (1 orders), 'order': market order of | 1380.0 MSFD buy | @ $14.01 fill, 'price': 14.010000228881836, 'quantity': 1380.0, 'multiplier': 1}
2025-03-24 00:01:25,743: INFO: [YAMLStrategy] Getting historical prices for NVDQ, 30 bars, 
2025-03-24 00:01:25,748: INFO: [YAMLStrategy] Getting historical prices for TSLZ, 30 bars, 
2025-03-24 00:01:25,754: INFO: [YAMLStrategy] Processing trade event. Trade event received for YAMLStrategy strategy: new TSLZ, processed by broker backtesting
2025-03-24 00:01:25,754: INFO: [YAMLStrategy] [32mNew order was created: market order of | 5624.0 TSLZ buy | @ $3.05 new[0m
2025-03-24 00:01:25,757: INFO: [YAMLStrategy] Getting historical prices for METD, 30 bars, 
2025-03-24 00:01:25,762: INFO: [YAMLStrategy] Getting historical prices for MSFD, 30 bars, 
2025-03-24 00:01:25,768: INFO: [YAMLStrategy] Getting historical prices for AAPD, 30 bars, 
2025-03-24 00:01:25,774: INFO: [YAMLStrategy] Processing trade event. Trade event received for YAMLStrategy strategy: new AAPD, processed by broker backtesting
2025-03-24 00:01:25,774: INFO: [YAMLStrategy] [32mNew order was created: market order of | 855.0 AAPD buy | @ $20.08 new[0m
2025-03-24 00:01:25,776: INFO: [YAMLStrategy] Getting historical prices for NFXS, 30 bars, 
2025-03-24 00:01:25,782: INFO: [YAMLStrategy] Getting historical prices for GGLS, 30 bars, 
2025-03-24 00:01:25,787: INFO: [YAMLStrategy] Processing a new order, payload: {'order': market order of | 5624.0 TSLZ buy | @ $3.05 new}
2025-03-24 00:01:25,788: INFO: [YAMLStrategy] Processing a new order, payload: {'order': market order of | 855.0 AAPD buy | @ $20.08 new}
2025-03-24 00:01:25,788: INFO: [YAMLStrategy] Getting historical prices for GGLS, 1 bars, 
2025-03-24 00:01:25,789: INFO: [YAMLStrategy] Getting historical prices for GGLS, 1 bars, 
2025-03-24 00:01:25,790: INFO: [YAMLStrategy] Getting historical prices for MSFD, 1 bars, 
2025-03-24 00:01:25,791: INFO: [YAMLStrategy] Getting historical prices for MSFD, 1 bars, 
2025-03-24 00:01:25,793: INFO: [YAMLStrategy] Getting historical prices for TSLZ, 1 bars, 
2025-03-24 00:01:25,794: INFO: [YAMLStrategy] Processing trade event. Trade event received for YAMLStrategy strategy: fill TSLZ, processed by broker backtesting
2025-03-24 00:01:25,794: INFO: [YAMLStrategy] [32mOrder was filled: market order of | 5624.0 TSLZ buy | @ $2.56 fill[0m
2025-03-24 00:01:25,796: INFO: [YAMLStrategy] Getting historical prices for AAPD, 1 bars, 
2025-03-24 00:01:25,797: INFO: [YAMLStrategy] Processing trade event. Trade event received for YAMLStrategy strategy: fill AAPD, processed by broker backtesting
2025-03-24 00:01:25,797: INFO: [YAMLStrategy] [32mOrder was filled: market order of | 855.0 AAPD buy | @ $16.78 fill[0m
2025-03-24 00:01:25,799: INFO: [YAMLStrategy] Processing a filled order, payload: {'position': YAMLStrategy Position: 5624.0 shares of TSLZ (1 orders), 'order': market order of | 5624.0 TSLZ buy | @ $2.56 fill, 'price': 2.559999942779541, 'quantity': 5624.0, 'multiplier': 1}
2025-03-24 00:01:25,799: INFO: [YAMLStrategy] Processing a filled order, payload: {'position': YAMLStrategy Position: 855.0 shares of AAPD (1 orders), 'order': market order of | 855.0 AAPD buy | @ $16.78 fill, 'price': 16.780000686645508, 'quantity': 855.0, 'multiplier': 1}
2025-03-24 00:01:25,804: INFO: [YAMLStrategy] Getting historical prices for NVDQ, 30 bars, 
2025-03-24 00:01:25,810: INFO: [YAMLStrategy] Getting historical prices for TSLZ, 30 bars, 
2025-03-24 00:01:25,816: INFO: [YAMLStrategy] Getting historical prices for METD, 30 bars, 
2025-03-24 00:01:25,821: INFO: [YAMLStrategy] Getting historical prices for MSFD, 30 bars, 
2025-03-24 00:01:25,827: INFO: [YAMLStrategy] Getting historical prices for AAPD, 30 bars, 
2025-03-24 00:01:25,832: INFO: [YAMLStrategy] Getting historical prices for NFXS, 30 bars, 
2025-03-24 00:01:25,838: INFO: [YAMLStrategy] Getting historical prices for GGLS, 30 bars, 
2025-03-24 00:01:25,844: INFO: [YAMLStrategy] Getting historical prices for GGLS, 1 bars, 
2025-03-24 00:01:25,845: INFO: [YAMLStrategy] Getting historical prices for GGLS, 1 bars, 
2025-03-24 00:01:25,846: INFO: [YAMLStrategy] Getting historical prices for MSFD, 1 bars, 
2025-03-24 00:01:25,847: INFO: [YAMLStrategy] Getting historical prices for MSFD, 1 bars, 
2025-03-24 00:01:25,848: INFO: [YAMLStrategy] Getting historical prices for TSLZ, 1 bars, 
2025-03-24 00:01:25,849: INFO: [YAMLStrategy] Getting historical prices for TSLZ, 1 bars, 
2025-03-24 00:01:25,850: INFO: [YAMLStrategy] Getting historical prices for AAPD, 1 bars, 
2025-03-24 00:01:25,851: INFO: [YAMLStrategy] Getting historical prices for AAPD, 1 bars, 
2025-03-24 00:01:25,857: INFO: [YAMLStrategy] Getting historical prices for NVDQ, 30 bars, 
2025-03-24 00:01:25,864: INFO: [YAMLStrategy] Getting historical prices for TSLZ, 30 bars, 
2025-03-24 00:01:25,870: INFO: [YAMLStrategy] Getting historical prices for METD, 30 bars, 
2025-03-24 00:01:25,876: INFO: [YAMLStrategy] Getting historical prices for MSFD, 30 bars, 
2025-03-24 00:01:25,881: INFO: [YAMLStrategy] Getting historical prices for AAPD, 30 bars, 
2025-03-24 00:01:25,887: INFO: [YAMLStrategy] Getting historical prices for NFXS, 30 bars, 
2025-03-24 00:01:25,893: INFO: [YAMLStrategy] Getting historical prices for GGLS, 30 bars, 
2025-03-24 00:01:25,898: INFO: [YAMLStrategy] Getting historical prices for GGLS, 1 bars, 
2025-03-24 00:01:25,900: INFO: [YAMLStrategy] Getting historical prices for GGLS, 1 bars, 
2025-03-24 00:01:25,901: INFO: [YAMLStrategy] Getting historical prices for MSFD, 1 bars, 
2025-03-24 00:01:25,902: INFO: [YAMLStrategy] Getting historical prices for MSFD, 1 bars, 
2025-03-24 00:01:25,903: INFO: [YAMLStrategy] Getting historical prices for TSLZ, 1 bars, 
2025-03-24 00:01:25,904: INFO: [YAMLStrategy] Getting historical prices for TSLZ, 1 bars, 
2025-03-24 00:01:25,905: INFO: [YAMLStrategy] Getting historical prices for AAPD, 1 bars, 
2025-03-24 00:01:25,907: INFO: [YAMLStrategy] Getting historical prices for AAPD, 1 bars, 
2025-03-24 00:01:25,915: INFO: [YAMLStrategy] Getting historical prices for NVDQ, 30 bars, 
2025-03-24 00:01:25,921: INFO: [YAMLStrategy] Getting historical prices for TSLZ, 30 bars, 
2025-03-24 00:01:25,927: INFO: [YAMLStrategy] Getting historical prices for METD, 30 bars, 
2025-03-24 00:01:25,933: INFO: [YAMLStrategy] Getting historical prices for MSFD, 30 bars, 
2025-03-24 00:01:25,939: INFO: [YAMLStrategy] Getting historical prices for AAPD, 30 bars, 
2025-03-24 00:01:25,944: INFO: [YAMLStrategy] Getting historical prices for NFXS, 30 bars, 
2025-03-24 00:01:25,950: INFO: [YAMLStrategy] Getting historical prices for GGLS, 30 bars, 
2025-03-24 00:01:25,957: INFO: [YAMLStrategy] Getting historical prices for GGLS, 1 bars, 
2025-03-24 00:01:25,958: INFO: [YAMLStrategy] Getting historical prices for GGLS, 1 bars, 
2025-03-24 00:01:25,960: INFO: [YAMLStrategy] Getting historical prices for MSFD, 1 bars, 
2025-03-24 00:01:25,961: INFO: [YAMLStrategy] Getting historical prices for MSFD, 1 bars, 
2025-03-24 00:01:25,962: INFO: [YAMLStrategy] Getting historical prices for TSLZ, 1 bars, 
2025-03-24 00:01:25,963: INFO: [YAMLStrategy] Getting historical prices for TSLZ, 1 bars, 
2025-03-24 00:01:25,964: INFO: [YAMLStrategy] Getting historical prices for AAPD, 1 bars, 
2025-03-24 00:01:25,965: INFO: [YAMLStrategy] Getting historical prices for AAPD, 1 bars, 
2025-03-24 00:01:25,970: INFO: [YAMLStrategy] Getting historical prices for GGLS, 1 bars, 
2025-03-24 00:01:25,972: INFO: [YAMLStrategy] Getting historical prices for GGLS, 1 bars, 
2025-03-24 00:01:25,973: INFO: [YAMLStrategy] Getting historical prices for MSFD, 1 bars, 
2025-03-24 00:01:25,974: INFO: [YAMLStrategy] Getting historical prices for MSFD, 1 bars, 
2025-03-24 00:01:25,975: INFO: [YAMLStrategy] Getting historical prices for TSLZ, 1 bars, 
2025-03-24 00:01:25,976: INFO: [YAMLStrategy] Getting historical prices for TSLZ, 1 bars, 
2025-03-24 00:01:25,977: INFO: [YAMLStrategy] Getting historical prices for AAPD, 1 bars, 
2025-03-24 00:01:25,978: INFO: [YAMLStrategy] Getting historical prices for AAPD, 1 bars, 
2025-03-24 00:01:25,979: INFO: [YAMLStrategy] Getting historical prices for GGLS, 1 bars, 
2025-03-24 00:01:25,980: INFO: [YAMLStrategy] Getting historical prices for GGLS, 1 bars, 
2025-03-24 00:01:25,981: INFO: [YAMLStrategy] Getting historical prices for MSFD, 1 bars, 
2025-03-24 00:01:25,982: INFO: [YAMLStrategy] Getting historical prices for MSFD, 1 bars, 
2025-03-24 00:01:25,983: INFO: [YAMLStrategy] Getting historical prices for TSLZ, 1 bars, 
2025-03-24 00:01:25,984: INFO: [YAMLStrategy] Getting historical prices for TSLZ, 1 bars, 
2025-03-24 00:01:25,985: INFO: [YAMLStrategy] Getting historical prices for AAPD, 1 bars, 
2025-03-24 00:01:25,987: INFO: [YAMLStrategy] Getting historical prices for AAPD, 1 bars, 
2025-03-24 00:01:25,989: INFO: [YAMLStrategy] Getting historical prices for GGLS, 1 bars, 
2025-03-24 00:01:25,990: INFO: [YAMLStrategy] Getting historical prices for GGLS, 1 bars, 
2025-03-24 00:01:25,991: INFO: [YAMLStrategy] Getting historical prices for MSFD, 1 bars, 
2025-03-24 00:01:25,992: INFO: [YAMLStrategy] Getting historical prices for MSFD, 1 bars, 
2025-03-24 00:01:25,993: INFO: [YAMLStrategy] Getting historical prices for TSLZ, 1 bars, 
2025-03-24 00:01:25,995: INFO: [YAMLStrategy] Getting historical prices for TSLZ, 1 bars, 
2025-03-24 00:01:25,996: INFO: [YAMLStrategy] Getting historical prices for AAPD, 1 bars, 
2025-03-24 00:01:25,997: INFO: [YAMLStrategy] Getting historical prices for AAPD, 1 bars, 
2025-03-24 00:01:26,002: INFO: [YAMLStrategy] Getting historical prices for GGLS, 1 bars, 
2025-03-24 00:01:26,003: INFO: [YAMLStrategy] Getting historical prices for GGLS, 1 bars, 
2025-03-24 00:01:26,004: INFO: [YAMLStrategy] Getting historical prices for MSFD, 1 bars, 
2025-03-24 00:01:26,005: INFO: [YAMLStrategy] Getting historical prices for MSFD, 1 bars, 
2025-03-24 00:01:26,006: INFO: [YAMLStrategy] Getting historical prices for TSLZ, 1 bars, 
2025-03-24 00:01:26,007: INFO: [YAMLStrategy] Getting historical prices for TSLZ, 1 bars, 
2025-03-24 00:01:26,008: INFO: [YAMLStrategy] Getting historical prices for AAPD, 1 bars, 
2025-03-24 00:01:26,009: INFO: [YAMLStrategy] Getting historical prices for AAPD, 1 bars, 
2025-03-24 00:01:26,221: INFO: [YAMLStrategy] Getting historical prices for GGLS, 1 bars, 
2025-03-24 00:01:26,222: INFO: [YAMLStrategy] Getting historical prices for GGLS, 1 bars, 
2025-03-24 00:01:26,223: INFO: [YAMLStrategy] Getting historical prices for MSFD, 1 bars, 
2025-03-24 00:01:26,224: INFO: [YAMLStrategy] Getting historical prices for MSFD, 1 bars, 
2025-03-24 00:01:26,225: INFO: [YAMLStrategy] Getting historical prices for TSLZ, 1 bars, 
2025-03-24 00:01:26,226: INFO: [YAMLStrategy] Getting historical prices for TSLZ, 1 bars, 
2025-03-24 00:01:26,228: INFO: [YAMLStrategy] Getting historical prices for AAPD, 1 bars, 
2025-03-24 00:01:26,229: INFO: [YAMLStrategy] Getting historical prices for AAPD, 1 bars, 
2025-03-24 00:01:26,238: INFO: [YAMLStrategy] Getting historical prices for NVDQ, 30 bars, 
2025-03-24 00:01:26,244: INFO: [YAMLStrategy] Getting historical prices for TSLZ, 30 bars, 
2025-03-24 00:01:26,251: INFO: [YAMLStrategy] Getting historical prices for METD, 30 bars, 
2025-03-24 00:01:26,258: INFO: [YAMLStrategy] Getting historical prices for MSFD, 30 bars, 
2025-03-24 00:01:26,263: INFO: [YAMLStrategy] Getting historical prices for AAPD, 30 bars, 
2025-03-24 00:01:26,269: INFO: [YAMLStrategy] Getting historical prices for NFXS, 30 bars, 
2025-03-24 00:01:26,274: INFO: [YAMLStrategy] Getting historical prices for GGLS, 30 bars, 
2025-03-24 00:01:26,280: INFO: [YAMLStrategy] Getting historical prices for GGLS, 1 bars, 
2025-03-24 00:01:26,282: INFO: [YAMLStrategy] Getting historical prices for GGLS, 1 bars, 
2025-03-24 00:01:26,283: INFO: [YAMLStrategy] Getting historical prices for MSFD, 1 bars, 
2025-03-24 00:01:26,284: INFO: [YAMLStrategy] Getting historical prices for MSFD, 1 bars, 
2025-03-24 00:01:26,285: INFO: [YAMLStrategy] Getting historical prices for TSLZ, 1 bars, 
2025-03-24 00:01:26,286: INFO: [YAMLStrategy] Getting historical prices for TSLZ, 1 bars, 
2025-03-24 00:01:26,287: INFO: [YAMLStrategy] Getting historical prices for AAPD, 1 bars, 
2025-03-24 00:01:26,288: INFO: [YAMLStrategy] Getting historical prices for AAPD, 1 bars, 
2025-03-24 00:01:26,294: INFO: [YAMLStrategy] Getting historical prices for NVDQ, 30 bars, 
2025-03-24 00:01:26,300: INFO: [YAMLStrategy] Getting historical prices for TSLZ, 30 bars, 
2025-03-24 00:01:26,305: WARNING: [YAMLStrategy] Selling all positions for YAMLStrategy strategy
2025-03-24 00:01:26,306: INFO: [YAMLStrategy] Processing trade event. Trade event received for YAMLStrategy strategy: canceled GGLS, processed by broker backtesting
2025-03-24 00:01:26,306: INFO: [YAMLStrategy] [32mOrder was canceled: stop order of | 2126.0 GGLS sell | @ $10.96 canceled[0m
2025-03-24 00:01:26,309: INFO: [YAMLStrategy] Processing trade event. Trade event received for YAMLStrategy strategy: canceled GGLS, processed by broker backtesting
2025-03-24 00:01:26,309: INFO: [YAMLStrategy] [32mOrder was canceled: limit order of | 2126.0 GGLS sell | @ $14.62 canceled[0m
2025-03-24 00:01:26,311: INFO: [YAMLStrategy] Processing trade event. Trade event received for YAMLStrategy strategy: canceled MSFD, processed by broker backtesting
2025-03-24 00:01:26,311: INFO: [YAMLStrategy] [32mOrder was canceled: stop order of | 1380.0 MSFD sell | @ $12.48 canceled[0m
2025-03-24 00:01:26,313: INFO: [YAMLStrategy] Processing trade event. Trade event received for YAMLStrategy strategy: canceled MSFD, processed by broker backtesting
2025-03-24 00:01:26,313: INFO: [YAMLStrategy] [32mOrder was canceled: limit order of | 1380.0 MSFD sell | @ $16.64 canceled[0m
2025-03-24 00:01:26,315: INFO: [YAMLStrategy] Processing trade event. Trade event received for YAMLStrategy strategy: canceled TSLZ, processed by broker backtesting
2025-03-24 00:01:26,316: INFO: [YAMLStrategy] [32mOrder was canceled: stop order of | 5624.0 TSLZ sell | @ $2.29 canceled[0m
2025-03-24 00:01:26,318: INFO: [YAMLStrategy] Processing trade event. Trade event received for YAMLStrategy strategy: canceled TSLZ, processed by broker backtesting
2025-03-24 00:01:26,318: INFO: [YAMLStrategy] [32mOrder was canceled: limit order of | 5624.0 TSLZ sell | @ $3.05 canceled[0m
2025-03-24 00:01:26,320: INFO: [YAMLStrategy] Processing trade event. Trade event received for YAMLStrategy strategy: canceled AAPD, processed by broker backtesting
2025-03-24 00:01:26,320: INFO: [YAMLStrategy] [32mOrder was canceled: stop order of | 855.0 AAPD sell | @ $15.06 canceled[0m
2025-03-24 00:01:26,322: INFO: [YAMLStrategy] Processing trade event. Trade event received for YAMLStrategy strategy: canceled AAPD, processed by broker backtesting
2025-03-24 00:01:26,322: INFO: [YAMLStrategy] [32mOrder was canceled: limit order of | 855.0 AAPD sell | @ $20.08 canceled[0m
2025-03-24 00:01:26,325: INFO: [YAMLStrategy] Processing trade event. Trade event received for YAMLStrategy strategy: new GGLS, processed by broker backtesting
2025-03-24 00:01:26,325: INFO: [YAMLStrategy] [32mNew order was created: market order of | 2126.0 GGLS sell | new[0m
2025-03-24 00:01:26,327: INFO: [YAMLStrategy] Processing trade event. Trade event received for YAMLStrategy strategy: new MSFD, processed by broker backtesting
2025-03-24 00:01:26,327: INFO: [YAMLStrategy] [32mNew order was created: market order of | 1380.0 MSFD sell | new[0m
2025-03-24 00:01:26,329: INFO: [YAMLStrategy] Processing trade event. Trade event received for YAMLStrategy strategy: new TSLZ, processed by broker backtesting
2025-03-24 00:01:26,329: INFO: [YAMLStrategy] [32mNew order was created: market order of | 5624.0 TSLZ sell | new[0m
2025-03-24 00:01:26,331: INFO: [YAMLStrategy] Processing trade event. Trade event received for YAMLStrategy strategy: new AAPD, processed by broker backtesting
2025-03-24 00:01:26,331: INFO: [YAMLStrategy] [32mNew order was created: market order of | 855.0 AAPD sell | new[0m
2025-03-24 00:01:26,333: INFO: [YAMLStrategy] Getting historical prices for METD, 30 bars, 
2025-03-24 00:01:26,339: INFO: [YAMLStrategy] Getting historical prices for MSFD, 30 bars, 
2025-03-24 00:01:26,344: INFO: [YAMLStrategy] Getting historical prices for AAPD, 30 bars, 
2025-03-24 00:01:26,350: INFO: [YAMLStrategy] Getting historical prices for NFXS, 30 bars, 
2025-03-24 00:01:26,356: INFO: [YAMLStrategy] Getting historical prices for GGLS, 30 bars, 
2025-03-24 00:01:26,361: INFO: [YAMLStrategy] Processing a canceled order, payload: {'order': stop order of | 2126.0 GGLS sell | @ $10.96 canceled}
2025-03-24 00:01:26,361: INFO: [YAMLStrategy] Processing a canceled order, payload: {'order': limit order of | 2126.0 GGLS sell | @ $14.62 canceled}
2025-03-24 00:01:26,361: INFO: [YAMLStrategy] Processing a canceled order, payload: {'order': stop order of | 1380.0 MSFD sell | @ $12.48 canceled}
2025-03-24 00:01:26,362: INFO: [YAMLStrategy] Processing a canceled order, payload: {'order': limit order of | 1380.0 MSFD sell | @ $16.64 canceled}
2025-03-24 00:01:26,362: INFO: [YAMLStrategy] Processing a canceled order, payload: {'order': stop order of | 5624.0 TSLZ sell | @ $2.29 canceled}
2025-03-24 00:01:26,362: INFO: [YAMLStrategy] Processing a canceled order, payload: {'order': limit order of | 5624.0 TSLZ sell | @ $3.05 canceled}
2025-03-24 00:01:26,362: INFO: [YAMLStrategy] Processing a canceled order, payload: {'order': stop order of | 855.0 AAPD sell | @ $15.06 canceled}
2025-03-24 00:01:26,362: INFO: [YAMLStrategy] Processing a canceled order, payload: {'order': limit order of | 855.0 AAPD sell | @ $20.08 canceled}
2025-03-24 00:01:26,362: INFO: [YAMLStrategy] Processing a new order, payload: {'order': market order of | 2126.0 GGLS sell | new}
2025-03-24 00:01:26,362: INFO: [YAMLStrategy] Processing a new order, payload: {'order': market order of | 1380.0 MSFD sell | new}
2025-03-24 00:01:26,362: INFO: [YAMLStrategy] Processing a new order, payload: {'order': market order of | 5624.0 TSLZ sell | new}
2025-03-24 00:01:26,362: INFO: [YAMLStrategy] Processing a new order, payload: {'order': market order of | 855.0 AAPD sell | new}
2025-03-24 00:01:26,362: INFO: [YAMLStrategy] Getting historical prices for GGLS, 1 bars, 
2025-03-24 00:01:26,363: INFO: [YAMLStrategy] Processing trade event. Trade event received for YAMLStrategy strategy: fill GGLS, processed by broker backtesting
2025-03-24 00:01:26,364: INFO: [YAMLStrategy] [32mOrder was filled: market order of | 2126.0 GGLS sell | @ $12.34 fill[0m
2025-03-24 00:01:26,366: INFO: [YAMLStrategy] Getting historical prices for MSFD, 1 bars, 
2025-03-24 00:01:26,367: INFO: [YAMLStrategy] Processing trade event. Trade event received for YAMLStrategy strategy: fill MSFD, processed by broker backtesting
2025-03-24 00:01:26,367: INFO: [YAMLStrategy] [32mOrder was filled: market order of | 1380.0 MSFD sell | @ $14.09 fill[0m
2025-03-24 00:01:26,369: INFO: [YAMLStrategy] Getting historical prices for TSLZ, 1 bars, 
2025-03-24 00:01:26,370: INFO: [YAMLStrategy] Processing trade event. Trade event received for YAMLStrategy strategy: fill TSLZ, processed by broker backtesting
2025-03-24 00:01:26,370: INFO: [YAMLStrategy] [32mOrder was filled: market order of | 5624.0 TSLZ sell | @ $3.09 fill[0m
2025-03-24 00:01:26,372: INFO: [YAMLStrategy] Getting historical prices for AAPD, 1 bars, 
2025-03-24 00:01:26,373: INFO: [YAMLStrategy] Processing trade event. Trade event received for YAMLStrategy strategy: fill AAPD, processed by broker backtesting
2025-03-24 00:01:26,373: INFO: [YAMLStrategy] [32mOrder was filled: market order of | 855.0 AAPD sell | @ $16.71 fill[0m
2025-03-24 00:01:26,375: INFO: [YAMLStrategy] Processing a filled order, payload: {'position': YAMLStrategy Position: 0.0 shares of GGLS (2 orders), 'order': market order of | 2126.0 GGLS sell | @ $12.34 fill, 'price': 12.335000038146973, 'quantity': 2126.0, 'multiplier': 1}
2025-03-24 00:01:26,375: INFO: [YAMLStrategy] Processing a filled order, payload: {'position': YAMLStrategy Position: 0.0 shares of MSFD (2 orders), 'order': market order of | 1380.0 MSFD sell | @ $14.09 fill, 'price': 14.08899974822998, 'quantity': 1380.0, 'multiplier': 1}
2025-03-24 00:01:26,375: INFO: [YAMLStrategy] Processing a filled order, payload: {'position': YAMLStrategy Position: 0.0 shares of TSLZ (2 orders), 'order': market order of | 5624.0 TSLZ sell | @ $3.09 fill, 'price': 3.0899999141693115, 'quantity': 5624.0, 'multiplier': 1}
2025-03-24 00:01:26,375: INFO: [YAMLStrategy] Processing a filled order, payload: {'position': YAMLStrategy Position: 0.0 shares of AAPD (2 orders), 'order': market order of | 855.0 AAPD sell | @ $16.71 fill, 'price': 16.709999084472656, 'quantity': 855.0, 'multiplier': 1}
2025-03-24 00:01:26,376: INFO: [YAMLStrategy] Getting historical prices for NVDQ, 30 bars, 
2025-03-24 00:01:26,382: INFO: [YAMLStrategy] Getting historical prices for TSLZ, 30 bars, 
2025-03-24 00:01:26,387: INFO: [YAMLStrategy] Getting historical prices for METD, 30 bars, 
2025-03-24 00:01:26,393: INFO: [YAMLStrategy] Getting historical prices for MSFD, 30 bars, 
2025-03-24 00:01:26,399: INFO: [YAMLStrategy] Getting historical prices for AAPD, 30 bars, 
2025-03-24 00:01:26,404: INFO: [YAMLStrategy] Getting historical prices for NFXS, 30 bars, 
2025-03-24 00:01:26,410: INFO: [YAMLStrategy] Getting historical prices for GGLS, 30 bars, 
2025-03-24 00:01:26,416: INFO: [YAMLStrategy] Getting historical prices for NVDQ, 30 bars, 
2025-03-24 00:01:26,422: INFO: [YAMLStrategy] Getting historical prices for TSLZ, 30 bars, 
2025-03-24 00:01:26,428: INFO: [YAMLStrategy] Getting historical prices for METD, 30 bars, 
2025-03-24 00:01:26,435: INFO: [YAMLStrategy] Getting historical prices for MSFD, 30 bars, 
2025-03-24 00:01:26,443: INFO: [YAMLStrategy] Getting historical prices for AAPD, 30 bars, 
2025-03-24 00:01:26,451: INFO: [YAMLStrategy] Getting historical prices for NFXS, 30 bars, 
2025-03-24 00:01:26,460: INFO: [YAMLStrategy] Getting historical prices for GGLS, 30 bars, 
2025-03-24 00:01:26,468: INFO: [YAMLStrategy] Getting historical prices for NVDQ, 30 bars, 
2025-03-24 00:01:26,474: INFO: [YAMLStrategy] Getting historical prices for TSLZ, 30 bars, 
2025-03-24 00:01:26,480: INFO: [YAMLStrategy] Getting historical prices for METD, 30 bars, 
2025-03-24 00:01:26,485: INFO: [YAMLStrategy] Getting historical prices for MSFD, 30 bars, 
2025-03-24 00:01:26,491: INFO: [YAMLStrategy] Getting historical prices for AAPD, 30 bars, 
2025-03-24 00:01:26,497: INFO: [YAMLStrategy] Getting historical prices for NFXS, 30 bars, 
2025-03-24 00:01:26,502: INFO: [YAMLStrategy] Getting historical prices for GGLS, 30 bars, 
2025-03-24 00:01:26,512: INFO: [YAMLStrategy] Getting historical prices for NVDQ, 30 bars, 
2025-03-24 00:01:26,518: INFO: [YAMLStrategy] Getting historical prices for TSLZ, 30 bars, 
2025-03-24 00:01:26,524: INFO: [YAMLStrategy] Getting historical prices for METD, 30 bars, 
2025-03-24 00:01:26,530: INFO: [YAMLStrategy] Getting historical prices for MSFD, 30 bars, 
2025-03-24 00:01:26,536: INFO: [YAMLStrategy] Getting historical prices for AAPD, 30 bars, 
2025-03-24 00:01:26,542: INFO: [YAMLStrategy] Getting historical prices for NFXS, 30 bars, 
2025-03-24 00:01:26,547: INFO: [YAMLStrategy] Getting historical prices for GGLS, 30 bars, 
2025-03-24 00:01:26,554: INFO: [YAMLStrategy] Getting historical prices for NVDQ, 30 bars, 
2025-03-24 00:01:26,559: INFO: [YAMLStrategy] Getting historical prices for TSLZ, 30 bars, 
2025-03-24 00:01:26,565: INFO: [YAMLStrategy] Getting historical prices for METD, 30 bars, 
2025-03-24 00:01:26,571: INFO: [YAMLStrategy] Getting historical prices for MSFD, 30 bars, 
2025-03-24 00:01:26,577: INFO: [YAMLStrategy] Getting historical prices for AAPD, 30 bars, 
2025-03-24 00:01:26,582: INFO: [YAMLStrategy] Getting historical prices for NFXS, 30 bars, 
2025-03-24 00:01:26,588: INFO: [YAMLStrategy] Getting historical prices for GGLS, 30 bars, 
2025-03-24 00:01:26,594: INFO: [YAMLStrategy] Getting historical prices for NVDQ, 30 bars, 
2025-03-24 00:01:26,600: INFO: [YAMLStrategy] Getting historical prices for TSLZ, 30 bars, 
2025-03-24 00:01:26,606: INFO: [YAMLStrategy] Getting historical prices for METD, 30 bars, 
2025-03-24 00:01:26,612: INFO: [YAMLStrategy] Getting historical prices for MSFD, 30 bars, 
2025-03-24 00:01:26,617: INFO: [YAMLStrategy] Getting historical prices for AAPD, 30 bars, 
2025-03-24 00:01:26,623: INFO: [YAMLStrategy] Getting historical prices for NFXS, 30 bars, 
2025-03-24 00:01:26,628: INFO: [YAMLStrategy] Getting historical prices for GGLS, 30 bars, 
2025-03-24 00:01:26,635: INFO: [YAMLStrategy] Getting historical prices for NVDQ, 30 bars, 
2025-03-24 00:01:26,644: INFO: [YAMLStrategy] Getting historical prices for TSLZ, 30 bars, 
2025-03-24 00:01:26,651: INFO: [YAMLStrategy] Getting historical prices for METD, 30 bars, 
2025-03-24 00:01:26,658: INFO: [YAMLStrategy] Getting historical prices for MSFD, 30 bars, 
2025-03-24 00:01:26,665: INFO: [YAMLStrategy] Getting historical prices for AAPD, 30 bars, 
2025-03-24 00:01:26,671: INFO: [YAMLStrategy] Getting historical prices for NFXS, 30 bars, 
2025-03-24 00:01:26,677: INFO: [YAMLStrategy] Getting historical prices for GGLS, 30 bars, 
2025-03-24 00:01:26,686: INFO: [YAMLStrategy] Getting historical prices for NVDQ, 30 bars, 
2025-03-24 00:01:26,692: INFO: [YAMLStrategy] Getting historical prices for TSLZ, 30 bars, 
2025-03-24 00:01:26,700: INFO: [YAMLStrategy] Getting historical prices for METD, 30 bars, 
2025-03-24 00:01:26,706: INFO: [YAMLStrategy] Getting historical prices for MSFD, 30 bars, 
2025-03-24 00:01:26,713: INFO: [YAMLStrategy] Getting historical prices for AAPD, 30 bars, 
2025-03-24 00:01:26,719: INFO: [YAMLStrategy] Getting historical prices for NFXS, 30 bars, 
2025-03-24 00:01:26,725: INFO: [YAMLStrategy] Getting historical prices for GGLS, 30 bars, 
2025-03-24 00:01:26,732: INFO: [YAMLStrategy] Getting historical prices for NVDQ, 30 bars, 
2025-03-24 00:01:26,738: INFO: [YAMLStrategy] Getting historical prices for TSLZ, 30 bars, 
2025-03-24 00:01:26,743: INFO: [YAMLStrategy] Getting historical prices for METD, 30 bars, 
2025-03-24 00:01:26,749: INFO: [YAMLStrategy] Processing trade event. Trade event received for YAMLStrategy strategy: new METD, processed by broker backtesting
2025-03-24 00:01:26,749: INFO: [YAMLStrategy] [32mNew order was created: market order of | 1523.0 METD buy | @ $20.84 new[0m
2025-03-24 00:01:26,752: INFO: [YAMLStrategy] Getting historical prices for MSFD, 30 bars, 
2025-03-24 00:01:26,758: INFO: [YAMLStrategy] Getting historical prices for AAPD, 30 bars, 
2025-03-24 00:01:26,763: INFO: [YAMLStrategy] Getting historical prices for NFXS, 30 bars, 
2025-03-24 00:01:26,769: INFO: [YAMLStrategy] Getting historical prices for GGLS, 30 bars, 
2025-03-24 00:01:26,775: INFO: [YAMLStrategy] Processing a new order, payload: {'order': market order of | 1523.0 METD buy | @ $20.84 new}
2025-03-24 00:01:26,775: INFO: [YAMLStrategy] Getting historical prices for METD, 1 bars, 
2025-03-24 00:01:26,777: INFO: [YAMLStrategy] Processing trade event. Trade event received for YAMLStrategy strategy: fill METD, processed by broker backtesting
2025-03-24 00:01:26,777: INFO: [YAMLStrategy] [32mOrder was filled: market order of | 1523.0 METD buy | @ $17.44 fill[0m
2025-03-24 00:01:26,780: INFO: [YAMLStrategy] Processing a filled order, payload: {'position': YAMLStrategy Position: 1523.0 shares of METD (1 orders), 'order': market order of | 1523.0 METD buy | @ $17.44 fill, 'price': 17.440000534057617, 'quantity': 1523.0, 'multiplier': 1}
2025-03-24 00:01:26,781: INFO: [YAMLStrategy] Getting historical prices for NVDQ, 30 bars, 
2025-03-24 00:01:26,787: INFO: [YAMLStrategy] Getting historical prices for TSLZ, 30 bars, 
2025-03-24 00:01:26,794: INFO: [YAMLStrategy] Getting historical prices for METD, 30 bars, 
2025-03-24 00:01:26,799: INFO: [YAMLStrategy] Getting historical prices for MSFD, 30 bars, 
2025-03-24 00:01:26,805: INFO: [YAMLStrategy] Getting historical prices for AAPD, 30 bars, 
2025-03-24 00:01:26,811: INFO: [YAMLStrategy] Getting historical prices for NFXS, 30 bars, 
2025-03-24 00:01:26,817: INFO: [YAMLStrategy] Processing trade event. Trade event received for YAMLStrategy strategy: new NFXS, processed by broker backtesting
2025-03-24 00:01:26,817: INFO: [YAMLStrategy] [32mNew order was created: market order of | 1112.0 NFXS buy | @ $21.37 new[0m
2025-03-24 00:01:26,820: INFO: [YAMLStrategy] Getting historical prices for GGLS, 30 bars, 
2025-03-24 00:01:26,826: INFO: [YAMLStrategy] Processing a new order, payload: {'order': market order of | 1112.0 NFXS buy | @ $21.37 new}
2025-03-24 00:01:26,826: INFO: [YAMLStrategy] Getting historical prices for METD, 1 bars, 
2025-03-24 00:01:26,828: INFO: [YAMLStrategy] Getting historical prices for METD, 1 bars, 
2025-03-24 00:01:26,829: INFO: [YAMLStrategy] Getting historical prices for NFXS, 1 bars, 
2025-03-24 00:01:26,830: INFO: [YAMLStrategy] Processing trade event. Trade event received for YAMLStrategy strategy: fill NFXS, processed by broker backtesting
2025-03-24 00:01:26,830: INFO: [YAMLStrategy] [32mOrder was filled: market order of | 1112.0 NFXS buy | @ $17.74 fill[0m
2025-03-24 00:01:26,832: INFO: [YAMLStrategy] Processing a filled order, payload: {'position': YAMLStrategy Position: 1112.0 shares of NFXS (1 orders), 'order': market order of | 1112.0 NFXS buy | @ $17.74 fill, 'price': 17.73900032043457, 'quantity': 1112.0, 'multiplier': 1}
2025-03-24 00:01:26,835: INFO: [YAMLStrategy] Getting historical prices for NVDQ, 30 bars, 
2025-03-24 00:01:26,841: INFO: [YAMLStrategy] Getting historical prices for TSLZ, 30 bars, 
2025-03-24 00:01:26,847: INFO: [YAMLStrategy] Getting historical prices for METD, 30 bars, 
2025-03-24 00:01:26,853: INFO: [YAMLStrategy] Getting historical prices for MSFD, 30 bars, 
2025-03-24 00:01:26,861: INFO: [YAMLStrategy] Getting historical prices for AAPD, 30 bars, 
2025-03-24 00:01:26,868: INFO: [YAMLStrategy] Getting historical prices for NFXS, 30 bars, 
2025-03-24 00:01:26,875: INFO: [YAMLStrategy] Getting historical prices for GGLS, 30 bars, 
2025-03-24 00:01:26,882: INFO: [YAMLStrategy] Getting historical prices for METD, 1 bars, 
2025-03-24 00:01:26,884: INFO: [YAMLStrategy] Getting historical prices for METD, 1 bars, 
2025-03-24 00:01:26,885: INFO: [YAMLStrategy] Getting historical prices for NFXS, 1 bars, 
2025-03-24 00:01:26,886: INFO: [YAMLStrategy] Getting historical prices for NFXS, 1 bars, 
2025-03-24 00:01:26,890: INFO: [YAMLStrategy] Getting historical prices for NVDQ, 30 bars, 
2025-03-24 00:01:26,897: INFO: [YAMLStrategy] Processing trade event. Trade event received for YAMLStrategy strategy: new NVDQ, processed by broker backtesting
2025-03-24 00:01:26,897: INFO: [YAMLStrategy] [32mNew order was created: market order of | 4418.0 NVDQ buy | @ $4.04 new[0m
2025-03-24 00:01:26,900: INFO: [YAMLStrategy] Getting historical prices for TSLZ, 30 bars, 
2025-03-24 00:01:26,906: INFO: [YAMLStrategy] Getting historical prices for METD, 30 bars, 
2025-03-24 00:01:26,912: INFO: [YAMLStrategy] Getting historical prices for MSFD, 30 bars, 
2025-03-24 00:01:26,917: INFO: [YAMLStrategy] Getting historical prices for AAPD, 30 bars, 
2025-03-24 00:01:26,923: INFO: [YAMLStrategy] Getting historical prices for NFXS, 30 bars, 
2025-03-24 00:01:26,929: INFO: [YAMLStrategy] Getting historical prices for GGLS, 30 bars, 
2025-03-24 00:01:26,934: INFO: [YAMLStrategy] Processing a new order, payload: {'order': market order of | 4418.0 NVDQ buy | @ $4.04 new}
2025-03-24 00:01:26,935: INFO: [YAMLStrategy] Getting historical prices for METD, 1 bars, 
2025-03-24 00:01:26,936: INFO: [YAMLStrategy] Getting historical prices for METD, 1 bars, 
2025-03-24 00:01:26,937: INFO: [YAMLStrategy] Getting historical prices for NFXS, 1 bars, 
2025-03-24 00:01:26,938: INFO: [YAMLStrategy] Getting historical prices for NFXS, 1 bars, 
2025-03-24 00:01:26,939: INFO: [YAMLStrategy] Getting historical prices for NVDQ, 1 bars, 
2025-03-24 00:01:26,940: INFO: [YAMLStrategy] Processing trade event. Trade event received for YAMLStrategy strategy: fill NVDQ, processed by broker backtesting
2025-03-24 00:01:26,941: INFO: [YAMLStrategy] [32mOrder was filled: market order of | 4418.0 NVDQ buy | @ $3.49 fill[0m
2025-03-24 00:01:26,943: INFO: [YAMLStrategy] Processing a filled order, payload: {'position': YAMLStrategy Position: 4418.0 shares of NVDQ (1 orders), 'order': market order of | 4418.0 NVDQ buy | @ $3.49 fill, 'price': 3.490000009536743, 'quantity': 4418.0, 'multiplier': 1}
2025-03-24 00:01:26,947: INFO: [YAMLStrategy] Getting historical prices for METD, 1 bars, 
2025-03-24 00:01:26,948: INFO: [YAMLStrategy] Getting historical prices for METD, 1 bars, 
2025-03-24 00:01:26,949: INFO: [YAMLStrategy] Getting historical prices for NFXS, 1 bars, 
2025-03-24 00:01:26,950: INFO: [YAMLStrategy] Getting historical prices for NFXS, 1 bars, 
2025-03-24 00:01:26,951: INFO: [YAMLStrategy] Getting historical prices for NVDQ, 1 bars, 
2025-03-24 00:01:26,952: INFO: [YAMLStrategy] Getting historical prices for NVDQ, 1 bars, 
2025-03-24 00:01:26,953: INFO: [YAMLStrategy] Getting historical prices for METD, 1 bars, 
2025-03-24 00:01:26,954: INFO: [YAMLStrategy] Getting historical prices for METD, 1 bars, 
2025-03-24 00:01:26,955: INFO: [YAMLStrategy] Getting historical prices for NFXS, 1 bars, 
2025-03-24 00:01:26,956: INFO: [YAMLStrategy] Getting historical prices for NFXS, 1 bars, 
2025-03-24 00:01:26,958: INFO: [YAMLStrategy] Getting historical prices for NVDQ, 1 bars, 
2025-03-24 00:01:26,960: INFO: [YAMLStrategy] Getting historical prices for NVDQ, 1 bars, 
2025-03-24 00:01:26,962: INFO: [YAMLStrategy] Getting historical prices for METD, 1 bars, 
2025-03-24 00:01:26,963: INFO: [YAMLStrategy] Getting historical prices for METD, 1 bars, 
2025-03-24 00:01:26,964: INFO: [YAMLStrategy] Getting historical prices for NFXS, 1 bars, 
2025-03-24 00:01:26,965: INFO: [YAMLStrategy] Getting historical prices for NFXS, 1 bars, 
2025-03-24 00:01:26,966: INFO: [YAMLStrategy] Getting historical prices for NVDQ, 1 bars, 
2025-03-24 00:01:26,968: INFO: [YAMLStrategy] Getting historical prices for NVDQ, 1 bars, 
2025-03-24 00:01:26,973: INFO: [YAMLStrategy] Getting historical prices for METD, 1 bars, 
2025-03-24 00:01:26,974: INFO: [YAMLStrategy] Getting historical prices for METD, 1 bars, 
2025-03-24 00:01:26,975: INFO: [YAMLStrategy] Getting historical prices for NFXS, 1 bars, 
2025-03-24 00:01:26,977: INFO: [YAMLStrategy] Getting historical prices for NFXS, 1 bars, 
2025-03-24 00:01:26,978: INFO: [YAMLStrategy] Getting historical prices for NVDQ, 1 bars, 
2025-03-24 00:01:26,979: INFO: [YAMLStrategy] Getting historical prices for NVDQ, 1 bars, 
2025-03-24 00:01:27,188: INFO: [YAMLStrategy] Getting historical prices for METD, 1 bars, 
2025-03-24 00:01:27,189: INFO: [YAMLStrategy] Getting historical prices for METD, 1 bars, 
2025-03-24 00:01:27,190: INFO: [YAMLStrategy] Getting historical prices for NFXS, 1 bars, 
2025-03-24 00:01:27,191: INFO: [YAMLStrategy] Getting historical prices for NFXS, 1 bars, 
2025-03-24 00:01:27,193: INFO: [YAMLStrategy] Getting historical prices for NVDQ, 1 bars, 
2025-03-24 00:01:27,194: INFO: [YAMLStrategy] Getting historical prices for NVDQ, 1 bars, 
2025-03-24 00:01:27,201: INFO: [YAMLStrategy] Getting historical prices for NVDQ, 30 bars, 
2025-03-24 00:01:27,207: INFO: [YAMLStrategy] Getting historical prices for TSLZ, 30 bars, 
2025-03-24 00:01:27,213: INFO: [YAMLStrategy] Getting historical prices for METD, 30 bars, 
2025-03-24 00:01:27,219: INFO: [YAMLStrategy] Getting historical prices for MSFD, 30 bars, 
2025-03-24 00:01:27,226: INFO: [YAMLStrategy] Getting historical prices for AAPD, 30 bars, 
2025-03-24 00:01:27,233: INFO: [YAMLStrategy] Getting historical prices for NFXS, 30 bars, 
2025-03-24 00:01:27,241: INFO: [YAMLStrategy] Getting historical prices for GGLS, 30 bars, 
2025-03-24 00:01:27,249: INFO: [YAMLStrategy] Getting historical prices for METD, 1 bars, 
2025-03-24 00:01:27,251: INFO: [YAMLStrategy] Getting historical prices for METD, 1 bars, 
2025-03-24 00:01:27,252: INFO: [YAMLStrategy] Getting historical prices for NFXS, 1 bars, 
2025-03-24 00:01:27,254: INFO: [YAMLStrategy] Getting historical prices for NFXS, 1 bars, 
2025-03-24 00:01:27,255: INFO: [YAMLStrategy] Getting historical prices for NVDQ, 1 bars, 
2025-03-24 00:01:27,256: INFO: [YAMLStrategy] Getting historical prices for NVDQ, 1 bars, 
2025-03-24 00:01:27,261: INFO: [YAMLStrategy] Getting historical prices for NVDQ, 30 bars, 
2025-03-24 00:01:27,267: INFO: [YAMLStrategy] Getting historical prices for TSLZ, 30 bars, 
2025-03-24 00:01:27,274: INFO: [YAMLStrategy] Getting historical prices for METD, 30 bars, 
2025-03-24 00:01:27,280: INFO: [YAMLStrategy] Getting historical prices for MSFD, 30 bars, 
2025-03-24 00:01:27,286: INFO: [YAMLStrategy] Getting historical prices for AAPD, 30 bars, 
2025-03-24 00:01:27,291: INFO: [YAMLStrategy] Getting historical prices for NFXS, 30 bars, 
2025-03-24 00:01:27,297: INFO: [YAMLStrategy] Getting historical prices for GGLS, 30 bars, 
2025-03-24 00:01:27,304: INFO: [YAMLStrategy] Getting historical prices for METD, 1 bars, 
2025-03-24 00:01:27,306: INFO: [YAMLStrategy] Getting historical prices for METD, 1 bars, 
2025-03-24 00:01:27,307: INFO: [YAMLStrategy] Getting historical prices for NFXS, 1 bars, 
2025-03-24 00:01:27,308: INFO: [YAMLStrategy] Getting historical prices for NFXS, 1 bars, 
2025-03-24 00:01:27,309: INFO: [YAMLStrategy] Getting historical prices for NVDQ, 1 bars, 
2025-03-24 00:01:27,310: INFO: [YAMLStrategy] Getting historical prices for NVDQ, 1 bars, 
2025-03-24 00:01:27,315: INFO: [YAMLStrategy] Getting historical prices for NVDQ, 30 bars, 
2025-03-24 00:01:27,321: INFO: [YAMLStrategy] Getting historical prices for TSLZ, 30 bars, 
2025-03-24 00:01:27,327: INFO: [YAMLStrategy] Getting historical prices for METD, 30 bars, 
2025-03-24 00:01:27,333: INFO: [YAMLStrategy] Getting historical prices for MSFD, 30 bars, 
2025-03-24 00:01:27,339: INFO: [YAMLStrategy] Getting historical prices for AAPD, 30 bars, 
2025-03-24 00:01:27,344: INFO: [YAMLStrategy] Getting historical prices for NFXS, 30 bars, 
2025-03-24 00:01:27,350: INFO: [YAMLStrategy] Getting historical prices for GGLS, 30 bars, 
2025-03-24 00:01:27,356: INFO: [YAMLStrategy] Getting historical prices for METD, 1 bars, 
2025-03-24 00:01:27,358: INFO: [YAMLStrategy] Getting historical prices for METD, 1 bars, 
2025-03-24 00:01:27,359: INFO: [YAMLStrategy] Getting historical prices for NFXS, 1 bars, 
2025-03-24 00:01:27,360: INFO: [YAMLStrategy] Getting historical prices for NFXS, 1 bars, 
2025-03-24 00:01:27,361: INFO: [YAMLStrategy] Getting historical prices for NVDQ, 1 bars, 
2025-03-24 00:01:27,362: INFO: [YAMLStrategy] Getting historical prices for NVDQ, 1 bars, 
2025-03-24 00:01:27,367: INFO: [YAMLStrategy] Getting historical prices for NVDQ, 30 bars, 
2025-03-24 00:01:27,373: INFO: [YAMLStrategy] Getting historical prices for TSLZ, 30 bars, 
2025-03-24 00:01:27,378: INFO: [YAMLStrategy] Getting historical prices for METD, 30 bars, 
2025-03-24 00:01:27,384: INFO: [YAMLStrategy] Getting historical prices for MSFD, 30 bars, 
2025-03-24 00:01:27,390: INFO: [YAMLStrategy] Getting historical prices for AAPD, 30 bars, 
2025-03-24 00:01:27,396: INFO: [YAMLStrategy] Processing trade event. Trade event received for YAMLStrategy strategy: new AAPD, processed by broker backtesting
2025-03-24 00:01:27,396: INFO: [YAMLStrategy] [32mNew order was created: market order of | 681.0 AAPD buy | @ $19.44 new[0m
2025-03-24 00:01:27,398: INFO: [YAMLStrategy] Getting historical prices for NFXS, 30 bars, 
2025-03-24 00:01:27,403: INFO: [YAMLStrategy] Getting historical prices for GGLS, 30 bars, 
2025-03-24 00:01:27,409: INFO: [YAMLStrategy] Processing a new order, payload: {'order': market order of | 681.0 AAPD buy | @ $19.44 new}
2025-03-24 00:01:27,409: INFO: [YAMLStrategy] Getting historical prices for METD, 1 bars, 
2025-03-24 00:01:27,411: INFO: [YAMLStrategy] Getting historical prices for METD, 1 bars, 
2025-03-24 00:01:27,412: INFO: [YAMLStrategy] Getting historical prices for NFXS, 1 bars, 
2025-03-24 00:01:27,413: INFO: [YAMLStrategy] Getting historical prices for NFXS, 1 bars, 
2025-03-24 00:01:27,414: INFO: [YAMLStrategy] Getting historical prices for NVDQ, 1 bars, 
2025-03-24 00:01:27,415: INFO: [YAMLStrategy] Getting historical prices for NVDQ, 1 bars, 
2025-03-24 00:01:27,416: INFO: [YAMLStrategy] Getting historical prices for AAPD, 1 bars, 
2025-03-24 00:01:27,417: INFO: [YAMLStrategy] Processing trade event. Trade event received for YAMLStrategy strategy: fill AAPD, processed by broker backtesting
2025-03-24 00:01:27,417: INFO: [YAMLStrategy] [32mOrder was filled: market order of | 681.0 AAPD buy | @ $16.29 fill[0m
2025-03-24 00:01:27,420: INFO: [YAMLStrategy] Processing a filled order, payload: {'position': YAMLStrategy Position: 681.0 shares of AAPD (1 orders), 'order': market order of | 681.0 AAPD buy | @ $16.29 fill, 'price': 16.290000915527344, 'quantity': 681.0, 'multiplier': 1}
2025-03-24 00:01:27,424: INFO: [YAMLStrategy] Getting historical prices for NVDQ, 30 bars, 
2025-03-24 00:01:27,430: INFO: [YAMLStrategy] Getting historical prices for TSLZ, 30 bars, 
2025-03-24 00:01:27,436: INFO: [YAMLStrategy] Getting historical prices for METD, 30 bars, 
2025-03-24 00:01:27,441: INFO: [YAMLStrategy] Getting historical prices for MSFD, 30 bars, 
2025-03-24 00:01:27,447: INFO: [YAMLStrategy] Getting historical prices for AAPD, 30 bars, 
2025-03-24 00:01:27,453: INFO: [YAMLStrategy] Getting historical prices for NFXS, 30 bars, 
2025-03-24 00:01:27,458: WARNING: [YAMLStrategy] Selling all positions for YAMLStrategy strategy
2025-03-24 00:01:27,459: INFO: [YAMLStrategy] Processing trade event. Trade event received for YAMLStrategy strategy: canceled METD, processed by broker backtesting
2025-03-24 00:01:27,459: INFO: [YAMLStrategy] [32mOrder was canceled: stop order of | 1523.0 METD sell | @ $15.63 canceled[0m
2025-03-24 00:01:27,462: INFO: [YAMLStrategy] Processing trade event. Trade event received for YAMLStrategy strategy: canceled METD, processed by broker backtesting
2025-03-24 00:01:27,462: INFO: [YAMLStrategy] [32mOrder was canceled: limit order of | 1523.0 METD sell | @ $20.84 canceled[0m
2025-03-24 00:01:27,464: INFO: [YAMLStrategy] Processing trade event. Trade event received for YAMLStrategy strategy: canceled NFXS, processed by broker backtesting
2025-03-24 00:01:27,464: INFO: [YAMLStrategy] [32mOrder was canceled: stop order of | 1112.0 NFXS sell | @ $16.03 canceled[0m
2025-03-24 00:01:27,466: INFO: [YAMLStrategy] Processing trade event. Trade event received for YAMLStrategy strategy: canceled NFXS, processed by broker backtesting
2025-03-24 00:01:27,466: INFO: [YAMLStrategy] [32mOrder was canceled: limit order of | 1112.0 NFXS sell | @ $21.37 canceled[0m
2025-03-24 00:01:27,468: INFO: [YAMLStrategy] Processing trade event. Trade event received for YAMLStrategy strategy: canceled NVDQ, processed by broker backtesting
2025-03-24 00:01:27,469: INFO: [YAMLStrategy] [32mOrder was canceled: stop order of | 4418.0 NVDQ sell | @ $3.03 canceled[0m
2025-03-24 00:01:27,471: INFO: [YAMLStrategy] Processing trade event. Trade event received for YAMLStrategy strategy: canceled NVDQ, processed by broker backtesting
2025-03-24 00:01:27,471: INFO: [YAMLStrategy] [32mOrder was canceled: limit order of | 4418.0 NVDQ sell | @ $4.04 canceled[0m
2025-03-24 00:01:27,473: INFO: [YAMLStrategy] Processing trade event. Trade event received for YAMLStrategy strategy: canceled AAPD, processed by broker backtesting
2025-03-24 00:01:27,473: INFO: [YAMLStrategy] [32mOrder was canceled: stop order of | 681.0 AAPD sell | @ $14.58 canceled[0m
2025-03-24 00:01:27,475: INFO: [YAMLStrategy] Processing trade event. Trade event received for YAMLStrategy strategy: canceled AAPD, processed by broker backtesting
2025-03-24 00:01:27,475: INFO: [YAMLStrategy] [32mOrder was canceled: limit order of | 681.0 AAPD sell | @ $19.44 canceled[0m
2025-03-24 00:01:27,477: INFO: [YAMLStrategy] Processing trade event. Trade event received for YAMLStrategy strategy: new METD, processed by broker backtesting
2025-03-24 00:01:27,477: INFO: [YAMLStrategy] [32mNew order was created: market order of | 1523.0 METD sell | new[0m
2025-03-24 00:01:27,479: INFO: [YAMLStrategy] Processing trade event. Trade event received for YAMLStrategy strategy: new NFXS, processed by broker backtesting
2025-03-24 00:01:27,479: INFO: [YAMLStrategy] [32mNew order was created: market order of | 1112.0 NFXS sell | new[0m
2025-03-24 00:01:27,481: INFO: [YAMLStrategy] Processing trade event. Trade event received for YAMLStrategy strategy: new NVDQ, processed by broker backtesting
2025-03-24 00:01:27,481: INFO: [YAMLStrategy] [32mNew order was created: market order of | 4418.0 NVDQ sell | new[0m
2025-03-24 00:01:27,484: INFO: [YAMLStrategy] Processing trade event. Trade event received for YAMLStrategy strategy: new AAPD, processed by broker backtesting
2025-03-24 00:01:27,484: INFO: [YAMLStrategy] [32mNew order was created: market order of | 681.0 AAPD sell | new[0m
2025-03-24 00:01:27,487: INFO: [YAMLStrategy] Getting historical prices for GGLS, 30 bars, 
2025-03-24 00:01:27,494: INFO: [YAMLStrategy] Processing a canceled order, payload: {'order': stop order of | 1523.0 METD sell | @ $15.63 canceled}
2025-03-24 00:01:27,494: INFO: [YAMLStrategy] Processing a canceled order, payload: {'order': limit order of | 1523.0 METD sell | @ $20.84 canceled}
2025-03-24 00:01:27,495: INFO: [YAMLStrategy] Processing a canceled order, payload: {'order': stop order of | 1112.0 NFXS sell | @ $16.03 canceled}
2025-03-24 00:01:27,495: INFO: [YAMLStrategy] Processing a canceled order, payload: {'order': limit order of | 1112.0 NFXS sell | @ $21.37 canceled}
2025-03-24 00:01:27,495: INFO: [YAMLStrategy] Processing a canceled order, payload: {'order': stop order of | 4418.0 NVDQ sell | @ $3.03 canceled}
2025-03-24 00:01:27,495: INFO: [YAMLStrategy] Processing a canceled order, payload: {'order': limit order of | 4418.0 NVDQ sell | @ $4.04 canceled}
2025-03-24 00:01:27,495: INFO: [YAMLStrategy] Processing a canceled order, payload: {'order': stop order of | 681.0 AAPD sell | @ $14.58 canceled}
2025-03-24 00:01:27,495: INFO: [YAMLStrategy] Processing a canceled order, payload: {'order': limit order of | 681.0 AAPD sell | @ $19.44 canceled}
2025-03-24 00:01:27,495: INFO: [YAMLStrategy] Processing a new order, payload: {'order': market order of | 1523.0 METD sell | new}
2025-03-24 00:01:27,495: INFO: [YAMLStrategy] Processing a new order, payload: {'order': market order of | 1112.0 NFXS sell | new}
2025-03-24 00:01:27,495: INFO: [YAMLStrategy] Processing a new order, payload: {'order': market order of | 4418.0 NVDQ sell | new}
2025-03-24 00:01:27,495: INFO: [YAMLStrategy] Processing a new order, payload: {'order': market order of | 681.0 AAPD sell | new}
2025-03-24 00:01:27,495: INFO: [YAMLStrategy] Getting historical prices for METD, 1 bars, 
2025-03-24 00:01:27,497: INFO: [YAMLStrategy] Processing trade event. Trade event received for YAMLStrategy strategy: fill METD, processed by broker backtesting
2025-03-24 00:01:27,498: INFO: [YAMLStrategy] [32mOrder was filled: market order of | 1523.0 METD sell | @ $18.56 fill[0m
2025-03-24 00:01:27,500: INFO: [YAMLStrategy] Getting historical prices for NFXS, 1 bars, 
2025-03-24 00:01:27,502: INFO: [YAMLStrategy] Processing trade event. Trade event received for YAMLStrategy strategy: fill NFXS, processed by broker backtesting
2025-03-24 00:01:27,502: INFO: [YAMLStrategy] [32mOrder was filled: market order of | 1112.0 NFXS sell | @ $19.4 fill[0m
2025-03-24 00:01:27,505: INFO: [YAMLStrategy] Getting historical prices for NVDQ, 1 bars, 
2025-03-24 00:01:27,506: INFO: [YAMLStrategy] Processing trade event. Trade event received for YAMLStrategy strategy: fill NVDQ, processed by broker backtesting
2025-03-24 00:01:27,506: INFO: [YAMLStrategy] [32mOrder was filled: market order of | 4418.0 NVDQ sell | @ $3.78 fill[0m
2025-03-24 00:01:27,508: INFO: [YAMLStrategy] Getting historical prices for AAPD, 1 bars, 
2025-03-24 00:01:27,510: INFO: [YAMLStrategy] Processing trade event. Trade event received for YAMLStrategy strategy: fill AAPD, processed by broker backtesting
2025-03-24 00:01:27,510: INFO: [YAMLStrategy] [32mOrder was filled: market order of | 681.0 AAPD sell | @ $16.26 fill[0m
2025-03-24 00:01:27,513: INFO: [YAMLStrategy] Processing a filled order, payload: {'position': YAMLStrategy Position: 0.0 shares of METD (2 orders), 'order': market order of | 1523.0 METD sell | @ $18.56 fill, 'price': 18.559999465942383, 'quantity': 1523.0, 'multiplier': 1}
2025-03-24 00:01:27,513: INFO: [YAMLStrategy] Processing a filled order, payload: {'position': YAMLStrategy Position: 0.0 shares of NFXS (2 orders), 'order': market order of | 1112.0 NFXS sell | @ $19.4 fill, 'price': 19.399999618530273, 'quantity': 1112.0, 'multiplier': 1}
2025-03-24 00:01:27,513: INFO: [YAMLStrategy] Processing a filled order, payload: {'position': YAMLStrategy Position: 0.0 shares of NVDQ (2 orders), 'order': market order of | 4418.0 NVDQ sell | @ $3.78 fill, 'price': 3.7799999713897705, 'quantity': 4418.0, 'multiplier': 1}
2025-03-24 00:01:27,513: INFO: [YAMLStrategy] Processing a filled order, payload: {'position': YAMLStrategy Position: 0.0 shares of AAPD (2 orders), 'order': market order of | 681.0 AAPD sell | @ $16.26 fill, 'price': 16.260000228881836, 'quantity': 681.0, 'multiplier': 1}
2025-03-24 00:01:27,516: INFO: [YAMLStrategy] Getting historical prices for NVDQ, 30 bars, 
2025-03-24 00:01:27,522: INFO: [YAMLStrategy] Getting historical prices for TSLZ, 30 bars, 
2025-03-24 00:01:27,528: INFO: [YAMLStrategy] Getting historical prices for METD, 30 bars, 
2025-03-24 00:01:27,534: INFO: [YAMLStrategy] Getting historical prices for MSFD, 30 bars, 
2025-03-24 00:01:27,539: INFO: [YAMLStrategy] Getting historical prices for AAPD, 30 bars, 
2025-03-24 00:01:27,545: INFO: [YAMLStrategy] Getting historical prices for NFXS, 30 bars, 
2025-03-24 00:01:27,550: INFO: [YAMLStrategy] Getting historical prices for GGLS, 30 bars, 
2025-03-24 00:01:27,557: INFO: [YAMLStrategy] Getting historical prices for NVDQ, 30 bars, 
2025-03-24 00:01:27,564: INFO: [YAMLStrategy] Getting historical prices for TSLZ, 30 bars, 
2025-03-24 00:01:27,570: INFO: [YAMLStrategy] Getting historical prices for METD, 30 bars, 
2025-03-24 00:01:27,576: INFO: [YAMLStrategy] Getting historical prices for MSFD, 30 bars, 
2025-03-24 00:01:27,582: INFO: [YAMLStrategy] Getting historical prices for AAPD, 30 bars, 
2025-03-24 00:01:27,588: INFO: [YAMLStrategy] Getting historical prices for NFXS, 30 bars, 
2025-03-24 00:01:27,593: INFO: [YAMLStrategy] Getting historical prices for GGLS, 30 bars, 
2025-03-24 00:01:27,600: INFO: [YAMLStrategy] Getting historical prices for NVDQ, 30 bars, 
2025-03-24 00:01:27,605: INFO: [YAMLStrategy] Getting historical prices for TSLZ, 30 bars, 
2025-03-24 00:01:27,611: INFO: [YAMLStrategy] Getting historical prices for METD, 30 bars, 
2025-03-24 00:01:27,617: INFO: [YAMLStrategy] Getting historical prices for MSFD, 30 bars, 
2025-03-24 00:01:27,623: INFO: [YAMLStrategy] Getting historical prices for AAPD, 30 bars, 
2025-03-24 00:01:27,629: INFO: [YAMLStrategy] Getting historical prices for NFXS, 30 bars, 
2025-03-24 00:01:27,634: INFO: [YAMLStrategy] Getting historical prices for GGLS, 30 bars, 
2025-03-24 00:01:27,641: INFO: [YAMLStrategy] Getting historical prices for NVDQ, 30 bars, 
2025-03-24 00:01:27,647: INFO: [YAMLStrategy] Getting historical prices for TSLZ, 30 bars, 
2025-03-24 00:01:27,653: INFO: [YAMLStrategy] Getting historical prices for METD, 30 bars, 
2025-03-24 00:01:27,659: INFO: [YAMLStrategy] Getting historical prices for MSFD, 30 bars, 
2025-03-24 00:01:27,664: INFO: [YAMLStrategy] Getting historical prices for AAPD, 30 bars, 
2025-03-24 00:01:27,670: INFO: [YAMLStrategy] Getting historical prices for NFXS, 30 bars, 
2025-03-24 00:01:27,675: INFO: [YAMLStrategy] Getting historical prices for GGLS, 30 bars, 
2025-03-24 00:01:27,682: INFO: [YAMLStrategy] Getting historical prices for NVDQ, 30 bars, 
2025-03-24 00:01:27,689: INFO: [YAMLStrategy] Getting historical prices for TSLZ, 30 bars, 
2025-03-24 00:01:27,695: INFO: [YAMLStrategy] Getting historical prices for METD, 30 bars, 
2025-03-24 00:01:27,701: INFO: [YAMLStrategy] Getting historical prices for MSFD, 30 bars, 
2025-03-24 00:01:27,706: INFO: [YAMLStrategy] Getting historical prices for AAPD, 30 bars, 
2025-03-24 00:01:27,712: INFO: [YAMLStrategy] Getting historical prices for NFXS, 30 bars, 
2025-03-24 00:01:27,718: INFO: [YAMLStrategy] Getting historical prices for GGLS, 30 bars, 
2025-03-24 00:01:27,727: INFO: [YAMLStrategy] Getting historical prices for NVDQ, 30 bars, 
2025-03-24 00:01:27,732: INFO: [YAMLStrategy] Getting historical prices for TSLZ, 30 bars, 
2025-03-24 00:01:27,738: INFO: [YAMLStrategy] Getting historical prices for METD, 30 bars, 
2025-03-24 00:01:27,744: INFO: [YAMLStrategy] Getting historical prices for MSFD, 30 bars, 
2025-03-24 00:01:27,752: INFO: [YAMLStrategy] Getting historical prices for AAPD, 30 bars, 
2025-03-24 00:01:27,758: INFO: [YAMLStrategy] Getting historical prices for NFXS, 30 bars, 
2025-03-24 00:01:27,764: INFO: [YAMLStrategy] Getting historical prices for GGLS, 30 bars, 
2025-03-24 00:01:27,771: INFO: [YAMLStrategy] Getting historical prices for NVDQ, 30 bars, 
2025-03-24 00:01:27,776: INFO: [YAMLStrategy] Getting historical prices for TSLZ, 30 bars, 
2025-03-24 00:01:27,782: INFO: [YAMLStrategy] Getting historical prices for METD, 30 bars, 
2025-03-24 00:01:27,788: INFO: [YAMLStrategy] Getting historical prices for MSFD, 30 bars, 
2025-03-24 00:01:27,794: INFO: [YAMLStrategy] Getting historical prices for AAPD, 30 bars, 
2025-03-24 00:01:27,799: INFO: [YAMLStrategy] Getting historical prices for NFXS, 30 bars, 
2025-03-24 00:01:27,805: INFO: [YAMLStrategy] Getting historical prices for GGLS, 30 bars, 
2025-03-24 00:01:27,811: INFO: [YAMLStrategy] Getting historical prices for NVDQ, 30 bars, 
2025-03-24 00:01:27,817: INFO: [YAMLStrategy] Getting historical prices for TSLZ, 30 bars, 
2025-03-24 00:01:27,823: INFO: [YAMLStrategy] Getting historical prices for METD, 30 bars, 
2025-03-24 00:01:27,829: INFO: [YAMLStrategy] Getting historical prices for MSFD, 30 bars, 
2025-03-24 00:01:27,835: INFO: [YAMLStrategy] Getting historical prices for AAPD, 30 bars, 
2025-03-24 00:01:27,841: INFO: [YAMLStrategy] Getting historical prices for NFXS, 30 bars, 
2025-03-24 00:01:27,846: INFO: [YAMLStrategy] Getting historical prices for GGLS, 30 bars, 
2025-03-24 00:01:27,853: INFO: [YAMLStrategy] Getting historical prices for NVDQ, 30 bars, 
2025-03-24 00:01:27,859: INFO: [YAMLStrategy] Getting historical prices for TSLZ, 30 bars, 
2025-03-24 00:01:27,865: INFO: [YAMLStrategy] Getting historical prices for METD, 30 bars, 
2025-03-24 00:01:27,870: INFO: [YAMLStrategy] Getting historical prices for MSFD, 30 bars, 
2025-03-24 00:01:27,876: INFO: [YAMLStrategy] Getting historical prices for AAPD, 30 bars, 
2025-03-24 00:01:27,882: INFO: [YAMLStrategy] Getting historical prices for NFXS, 30 bars, 
2025-03-24 00:01:27,888: INFO: [YAMLStrategy] Getting historical prices for GGLS, 30 bars, 
2025-03-24 00:01:28,494: INFO: Backtesting finished
2025-03-24 00:01:32,854: INFO: Backtest took 0:00:10.085754 for a speed of 0.000
